

Processing Rails::InfoController#properties (for 127.0.0.1 at 2009-08-05 16:53:31) [GET]

NameError (uninitialized constant ActiveRecord::Base):
  

Rendered rescues/_trace (25.6ms)
Rendered rescues/_request_and_response (1.2ms)
Rendering rescues/layout (internal_server_error)
/!\ FAILSAFE /!\  Wed Aug 05 16:53:31 -0400 2009
  Status: 500 Internal Server Error
  uninitialized constant ActiveRecord::Base
    /Library/Ruby/Gems/1.8/gems/activesupport-2.3.2/lib/active_support/dependencies.rb:440:in `load_missing_constant'
    /Library/Ruby/Gems/1.8/gems/activesupport-2.3.2/lib/active_support/dependencies.rb:80:in `const_missing'
    /Library/Ruby/Gems/1.8/gems/actionpack-2.3.2/lib/action_controller/dispatcher.rb:64:in `cleanup_application'
    /Library/Ruby/Gems/1.8/gems/actionpack-2.3.2/lib/action_controller/reloader.rb:11:in `call'
    /Library/Ruby/Gems/1.8/gems/actionpack-2.3.2/lib/action_controller/failsafe.rb:11:in `call'
    /Library/Ruby/Gems/1.8/gems/actionpack-2.3.2/lib/action_controller/vendor/rack-1.0/rack/lock.rb:11:in `call'
    /Library/Ruby/Gems/1.8/gems/actionpack-2.3.2/lib/action_controller/vendor/rack-1.0/rack/lock.rb:11:in `synchronize'
    /Library/Ruby/Gems/1.8/gems/actionpack-2.3.2/lib/action_controller/vendor/rack-1.0/rack/lock.rb:11:in `call'
    /Library/Ruby/Gems/1.8/gems/actionpack-2.3.2/lib/action_controller/dispatcher.rb:106:in `call'
    /Library/Ruby/Gems/1.8/gems/rails-2.3.2/lib/rails/rack/static.rb:31:in `call'
    /Library/Ruby/Gems/1.8/gems/actionpack-2.3.2/lib/action_controller/vendor/rack-1.0/rack/urlmap.rb:46:in `call'
    /Library/Ruby/Gems/1.8/gems/actionpack-2.3.2/lib/action_controller/vendor/rack-1.0/rack/urlmap.rb:40:in `each'
    /Library/Ruby/Gems/1.8/gems/actionpack-2.3.2/lib/action_controller/vendor/rack-1.0/rack/urlmap.rb:40:in `call'
    /Library/Ruby/Gems/1.8/gems/rails-2.3.2/lib/rails/rack/log_tailer.rb:17:in `call'
    /Library/Ruby/Gems/1.8/gems/actionpack-2.3.2/lib/action_controller/vendor/rack-1.0/rack/content_length.rb:13:in `call'
    /Library/Ruby/Gems/1.8/gems/actionpack-2.3.2/lib/action_controller/vendor/rack-1.0/rack/chunked.rb:15:in `call'
    /Library/Ruby/Gems/1.8/gems/actionpack-2.3.2/lib/action_controller/vendor/rack-1.0/rack/handler/mongrel.rb:61:in `process'
    /Library/Ruby/Gems/1.8/gems/mongrel-1.1.5/lib/mongrel.rb:159:in `process_client'
    /Library/Ruby/Gems/1.8/gems/mongrel-1.1.5/lib/mongrel.rb:158:in `each'
    /Library/Ruby/Gems/1.8/gems/mongrel-1.1.5/lib/mongrel.rb:158:in `process_client'
    /Library/Ruby/Gems/1.8/gems/mongrel-1.1.5/lib/mongrel.rb:285:in `run'
    /Library/Ruby/Gems/1.8/gems/mongrel-1.1.5/lib/mongrel.rb:285:in `initialize'
    /Library/Ruby/Gems/1.8/gems/mongrel-1.1.5/lib/mongrel.rb:285:in `new'
    /Library/Ruby/Gems/1.8/gems/mongrel-1.1.5/lib/mongrel.rb:285:in `run'
    /Library/Ruby/Gems/1.8/gems/mongrel-1.1.5/lib/mongrel.rb:268:in `initialize'
    /Library/Ruby/Gems/1.8/gems/mongrel-1.1.5/lib/mongrel.rb:268:in `new'
    /Library/Ruby/Gems/1.8/gems/mongrel-1.1.5/lib/mongrel.rb:268:in `run'
    /Library/Ruby/Gems/1.8/gems/actionpack-2.3.2/lib/action_controller/vendor/rack-1.0/rack/handler/mongrel.rb:34:in `run'
    /Library/Ruby/Gems/1.8/gems/rails-2.3.2/lib/commands/server.rb:111
    /Library/Ruby/Site/1.8/rubygems/custom_require.rb:31:in `gem_original_require'
    /Library/Ruby/Site/1.8/rubygems/custom_require.rb:31:in `require'
    script/server:3


Processing ApplicationController#index (for 127.0.0.1 at 2009-08-05 16:54:03) [GET]

ActionController::RoutingError (No route matches "/" with {:method=>:get}):
  

Rendering rescues/layout (not_found)
/!\ FAILSAFE /!\  Wed Aug 05 16:54:03 -0400 2009
  Status: 500 Internal Server Error
  uninitialized constant ActiveRecord::Base
    /Library/Ruby/Gems/1.8/gems/activesupport-2.3.2/lib/active_support/dependencies.rb:440:in `load_missing_constant'
    /Library/Ruby/Gems/1.8/gems/activesupport-2.3.2/lib/active_support/dependencies.rb:80:in `const_missing'
    /Library/Ruby/Gems/1.8/gems/actionpack-2.3.2/lib/action_controller/dispatcher.rb:64:in `cleanup_application'
    /Library/Ruby/Gems/1.8/gems/actionpack-2.3.2/lib/action_controller/reloader.rb:11:in `call'
    /Library/Ruby/Gems/1.8/gems/actionpack-2.3.2/lib/action_controller/failsafe.rb:11:in `call'
    /Library/Ruby/Gems/1.8/gems/actionpack-2.3.2/lib/action_controller/vendor/rack-1.0/rack/lock.rb:11:in `call'
    /Library/Ruby/Gems/1.8/gems/actionpack-2.3.2/lib/action_controller/vendor/rack-1.0/rack/lock.rb:11:in `synchronize'
    /Library/Ruby/Gems/1.8/gems/actionpack-2.3.2/lib/action_controller/vendor/rack-1.0/rack/lock.rb:11:in `call'
    /Library/Ruby/Gems/1.8/gems/actionpack-2.3.2/lib/action_controller/dispatcher.rb:106:in `call'
    /Library/Ruby/Gems/1.8/gems/rails-2.3.2/lib/rails/rack/static.rb:31:in `call'
    /Library/Ruby/Gems/1.8/gems/actionpack-2.3.2/lib/action_controller/vendor/rack-1.0/rack/urlmap.rb:46:in `call'
    /Library/Ruby/Gems/1.8/gems/actionpack-2.3.2/lib/action_controller/vendor/rack-1.0/rack/urlmap.rb:40:in `each'
    /Library/Ruby/Gems/1.8/gems/actionpack-2.3.2/lib/action_controller/vendor/rack-1.0/rack/urlmap.rb:40:in `call'
    /Library/Ruby/Gems/1.8/gems/rails-2.3.2/lib/rails/rack/log_tailer.rb:17:in `call'
    /Library/Ruby/Gems/1.8/gems/actionpack-2.3.2/lib/action_controller/vendor/rack-1.0/rack/content_length.rb:13:in `call'
    /Library/Ruby/Gems/1.8/gems/actionpack-2.3.2/lib/action_controller/vendor/rack-1.0/rack/chunked.rb:15:in `call'
    /Library/Ruby/Gems/1.8/gems/actionpack-2.3.2/lib/action_controller/vendor/rack-1.0/rack/handler/mongrel.rb:61:in `process'
    /Library/Ruby/Gems/1.8/gems/mongrel-1.1.5/lib/mongrel.rb:159:in `process_client'
    /Library/Ruby/Gems/1.8/gems/mongrel-1.1.5/lib/mongrel.rb:158:in `each'
    /Library/Ruby/Gems/1.8/gems/mongrel-1.1.5/lib/mongrel.rb:158:in `process_client'
    /Library/Ruby/Gems/1.8/gems/mongrel-1.1.5/lib/mongrel.rb:285:in `run'
    /Library/Ruby/Gems/1.8/gems/mongrel-1.1.5/lib/mongrel.rb:285:in `initialize'
    /Library/Ruby/Gems/1.8/gems/mongrel-1.1.5/lib/mongrel.rb:285:in `new'
    /Library/Ruby/Gems/1.8/gems/mongrel-1.1.5/lib/mongrel.rb:285:in `run'
    /Library/Ruby/Gems/1.8/gems/mongrel-1.1.5/lib/mongrel.rb:268:in `initialize'
    /Library/Ruby/Gems/1.8/gems/mongrel-1.1.5/lib/mongrel.rb:268:in `new'
    /Library/Ruby/Gems/1.8/gems/mongrel-1.1.5/lib/mongrel.rb:268:in `run'
    /Library/Ruby/Gems/1.8/gems/actionpack-2.3.2/lib/action_controller/vendor/rack-1.0/rack/handler/mongrel.rb:34:in `run'
    /Library/Ruby/Gems/1.8/gems/rails-2.3.2/lib/commands/server.rb:111
    /Library/Ruby/Site/1.8/rubygems/custom_require.rb:31:in `gem_original_require'
    /Library/Ruby/Site/1.8/rubygems/custom_require.rb:31:in `require'
    script/server:3


Processing ApplicationController#index (for 127.0.0.1 at 2009-08-05 16:54:57) [GET]

ActionController::RoutingError (No route matches "/" with {:method=>:get}):
  

Rendering rescues/layout (not_found)


Processing ApplicationController#index (for 127.0.0.1 at 2009-08-05 16:55:06) [GET]

ActionController::RoutingError (No route matches "/index" with {:method=>:get}):
  

Rendering rescues/layout (not_found)


Processing ImmunizationController#index (for 127.0.0.1 at 2009-08-05 16:56:06) [GET]
Redirected to https://account.healthvault-ppe.com/redirect.aspx?target=AUTH&targetqs=?appid=05a059c9-c309-46af-9b86-b06d42510550%26redirect=http://://localhost:3000/authenticate
Filter chain halted as [:check_authentication] rendered_or_redirected.
Completed in 53ms (DB: 0) | 302 Found [http://localhost/immunization]


Processing ImmunizationController#index (for 127.0.0.1 at 2009-08-05 16:56:48) [GET]
Redirected to https://account.healthvault-ppe.com/redirect.aspx?target=AUTH&targetqs=?appid=05a059c9-c309-46af-9b86-b06d42510550%26redirect=http://://localhost:3000/authenticate
Filter chain halted as [:check_authentication] rendered_or_redirected.
Completed in 0ms (DB: 0) | 302 Found [http://localhost/immunization]


Processing ImmunizationController#index (for 127.0.0.1 at 2009-08-05 16:57:58) [GET]
Redirected to https://account.healthvault-ppe.com/redirect.aspx?target=AUTH&targetqs=?appid=05a059c9-c309-46af-9b86-b06d42510550%26redirect=http://localhost:3000/authenticate
Filter chain halted as [:check_authentication] rendered_or_redirected.
Completed in 0ms (DB: 0) | 302 Found [http://localhost/immunization]


Processing ApplicationController#index (for 127.0.0.1 at 2009-08-05 16:57:59) [GET]
  Parameters: {"wctoken"=>"ASAAAL8w5X22sW5CqL9REUOTbNBvu9Vwmoq5YB2af6PVGmgdEWh2QYzzwkJ6RJJkykaRTe65nFFOLOkaV9oqApmRIXBXWi7tAkX1ET2jEVHxGkB3la2edsZ4V5JjsnwGfQt4zYGRxtXquf1KQgDVe8x+2OmePth7WVuLLnGRQfifnwUVwO0tHQ==", "target"=>"AppAuthSuccess"}

ActionController::RoutingError (No route matches "/authenticate" with {:method=>:get}):
  

Rendering rescues/layout (not_found)


Processing ApplicationController#index (for 127.0.0.1 at 2009-08-05 16:58:48) [GET]
Redirected to https://account.healthvault-ppe.com/redirect.aspx?target=AUTH&targetqs=?appid=05a059c9-c309-46af-9b86-b06d42510550%26redirect=http://localhost:3000/authenticate
Filter chain halted as [:check_authentication] rendered_or_redirected.
Completed in 0ms (DB: 0) | 302 Found [http://localhost/]


Processing ApplicationController#index (for 127.0.0.1 at 2009-08-05 16:58:50) [GET]
  Parameters: {"wctoken"=>"ASAAAJsm9L1A9QpGjd5eh3fXN9mLslWSK2qBF/9jNddOs6RR/E9j1ptFTD2LEerXnHuMroqB79izjGkXJq7+IIBUuW2Xi9jFM4Eee+wuJdOb5SEHDlvt1j0O86mEjATrZuy3E6i5p8h1MxCMA4DCtqLi+eI6QfCAeYKSMK9UMom+LGpa7cEfhw==", "target"=>"AppAuthSuccess"}

ActionController::RoutingError (No route matches "/authenticate" with {:method=>:get}):
  

Rendering rescues/layout (not_found)


Processing ApplicationController#index (for 127.0.0.1 at 2009-08-05 16:58:59) [GET]
  Parameters: {"wctoken"=>"ASAAAJsm9L1A9QpGjd5eh3fXN9mLslWSK2qBF/9jNddOs6RR/E9j1ptFTD2LEerXnHuMroqB79izjGkXJq7+IIBUuW2Xi9jFM4Eee+wuJdOb5SEHDlvt1j0O86mEjATrZuy3E6i5p8h1MxCMA4DCtqLi+eI6QfCAeYKSMK9UMom+LGpa7cEfhw==", "target"=>"AppAuthSuccess"}

ActionController::RoutingError (No route matches "/authenticate" with {:method=>:get}):
  

Rendering rescues/layout (not_found)


Processing ApplicationController#index (for 127.0.0.1 at 2009-08-05 17:00:36) [GET]

ActionController::RoutingError (No route matches "/authenticate" with {:method=>:get}):
  

Rendering rescues/layout (not_found)


Processing ApplicationController#index (for 127.0.0.1 at 2009-08-05 17:00:40) [GET]

ActionController::RoutingError (No route matches "/authenticate" with {:method=>:get}):
  

Rendering rescues/layout (not_found)


Processing ApplicationController#index (for 127.0.0.1 at 2009-08-05 17:00:40) [GET]

ActionController::RoutingError (No route matches "/authenticate" with {:method=>:get}):
  

Rendering rescues/layout (not_found)


Processing ApplicationController#index (for 127.0.0.1 at 2009-08-05 17:00:40) [GET]

ActionController::RoutingError (No route matches "/authenticate" with {:method=>:get}):
  

Rendering rescues/layout (not_found)


Processing ApplicationController#index (for 127.0.0.1 at 2009-08-05 17:00:41) [GET]

ActionController::RoutingError (No route matches "/authenticate" with {:method=>:get}):
  

Rendering rescues/layout (not_found)


Processing ApplicationController#index (for 127.0.0.1 at 2009-08-05 17:00:41) [GET]

ActionController::RoutingError (No route matches "/authenticate" with {:method=>:get}):
  

Rendering rescues/layout (not_found)


Processing ApplicationController#index (for 127.0.0.1 at 2009-08-05 17:00:41) [GET]

ActionController::RoutingError (No route matches "/authenticate" with {:method=>:get}):
  

Rendering rescues/layout (not_found)


Processing ApplicationController#index (for 127.0.0.1 at 2009-08-05 17:00:41) [GET]

ActionController::RoutingError (No route matches "/authenticate" with {:method=>:get}):
  

Rendering rescues/layout (not_found)


Processing ApplicationController#index (for 127.0.0.1 at 2009-08-05 17:00:52) [GET]

ActionController::RoutingError (No route matches "/index" with {:method=>:get}):
  

Rendering rescues/layout (not_found)


Processing ApplicationController#index (for 127.0.0.1 at 2009-08-05 17:00:59) [GET]
Redirected to https://account.healthvault-ppe.com/redirect.aspx?target=AUTH&targetqs=?appid=05a059c9-c309-46af-9b86-b06d42510550%26redirect=http://localhost:3000/authenticate
Filter chain halted as [:check_authentication] rendered_or_redirected.
Completed in 0ms (DB: 0) | 302 Found [http://localhost/]


Processing ApplicationController#index (for 127.0.0.1 at 2009-08-05 17:01:00) [GET]
  Parameters: {"wctoken"=>"ASAAAJsm9L1A9QpGjd5eh3fXN9n+XLzj0JlWuGkRXrRW8+TuXVgrcqSSAdD+IXeO+ZzY6YxKvg9sSE2h+Md0rWy0c5a4flAfErP6GUuMjmrqUMZXY339u6i3ljCnVkRTMZMc44H+Hd/DUZSiv5H3n7j4SCWYuTxqFD1AMZvEP6Y4hC5kl3BGgw==", "target"=>"AppAuthSuccess"}

ActionController::RoutingError (No route matches "/authenticate" with {:method=>:get}):
  

Rendering rescues/layout (not_found)


Processing ApplicationController#index (for 127.0.0.1 at 2009-08-05 17:01:32) [GET]
  Parameters: {"wctoken"=>"ASAAAJsm9L1A9QpGjd5eh3fXN9n+XLzj0JlWuGkRXrRW8+TuXVgrcqSSAdD+IXeO+ZzY6YxKvg9sSE2h+Md0rWy0c5a4flAfErP6GUuMjmrqUMZXY339u6i3ljCnVkRTMZMc44H+Hd/DUZSiv5H3n7j4SCWYuTxqFD1AMZvEP6Y4hC5kl3BGgw==", "target"=>"AppAuthSuccess"}

ActionController::RoutingError (No route matches "/authenticate/sss" with {:method=>:get}):
  

Rendering rescues/layout (not_found)


Processing AuthController#authenticate (for 127.0.0.1 at 2009-08-05 17:02:51) [GET]
  Parameters: {"wctoken"=>"ASAAAJsm9L1A9QpGjd5eh3fXN9n+XLzj0JlWuGkRXrRW8+TuXVgrcqSSAdD+IXeO+ZzY6YxKvg9sSE2h+Md0rWy0c5a4flAfErP6GUuMjmrqUMZXY339u6i3ljCnVkRTMZMc44H+Hd/DUZSiv5H3n7j4SCWYuTxqFD1AMZvEP6Y4hC5kl3BGgw==", "id"=>"sss", "target"=>"AppAuthSuccess"}
Redirected to https://account.healthvault-ppe.com/redirect.aspx?target=AUTH&targetqs=?appid=05a059c9-c309-46af-9b86-b06d42510550%26redirect=http://localhost:3000/auth/authenticate
Filter chain halted as [:check_authentication] rendered_or_redirected.
Completed in 0ms (DB: 0) | 302 Found [http://localhost/auth/authenticate/sss?target=AppAuthSuccess&wctoken=ASAAAJsm9L1A9QpGjd5eh3fXN9n%2bXLzj0JlWuGkRXrRW8%2bTuXVgrcqSSAdD%2bIXeO%2bZzY6YxKvg9sSE2h%2bMd0rWy0c5a4flAfErP6GUuMjmrqUMZXY339u6i3ljCnVkRTMZMc44H%2bHd%2fDUZSiv5H3n7j4SCWYuTxqFD1AMZvEP6Y4hC5kl3BGgw%3d%3d]


Processing AuthController#authenticate (for 127.0.0.1 at 2009-08-05 17:02:56) [GET]
  Parameters: {"wctoken"=>"ASAAAD+HHPg1l1hBh31SRVaLS/3EK+e+dPw2JXO9ky7xftG9Bl18W1BktKNLjF5Y3X2loStGG+lkl/DqbzgIq4HKhlbewqRcDSA99IS58tLt7ZeDFy57mVTv+ea6DzzQZxW6JQowd5WVZKgRIVtO+mJ7a+j/l1BmeuoYpZ3nUkhABTShYMwdgw==", "target"=>"AppAuthSuccess"}
Redirected to https://account.healthvault-ppe.com/redirect.aspx?target=AUTH&targetqs=?appid=05a059c9-c309-46af-9b86-b06d42510550%26redirect=http://localhost:3000/auth/authenticate
Filter chain halted as [:check_authentication] rendered_or_redirected.
Completed in 0ms (DB: 0) | 302 Found [http://localhost/auth/authenticate?target=AppAuthSuccess&wctoken=ASAAAD%2bHHPg1l1hBh31SRVaLS%2f3EK%2be%2bdPw2JXO9ky7xftG9Bl18W1BktKNLjF5Y3X2loStGG%2blkl%2fDqbzgIq4HKhlbewqRcDSA99IS58tLt7ZeDFy57mVTv%2bea6DzzQZxW6JQowd5WVZKgRIVtO%2bmJ7a%2bj%2fl1BmeuoYpZ3nUkhABTShYMwdgw%3d%3d]


Processing AuthController#authenticate (for 127.0.0.1 at 2009-08-05 17:02:58) [GET]
  Parameters: {"wctoken"=>"ASAAAKoFrF0b0K5OskdmMgYDmqj1LS7LOjmyB5WYwdPkCVg3Ri7LjWRXl4bizdk5BpQ17ju9ImzQ+i5QOjDtw8vMUEHZBBuyjES0OkwZMgPGAoDj1qGztm7h/kWjzAn/zNfLj1G5CAm5mnodfDd2jLCpJ0LBoEskpJrUtdae/jvGw71YkoFo3w==", "target"=>"AppAuthSuccess"}
Redirected to https://account.healthvault-ppe.com/redirect.aspx?target=AUTH&targetqs=?appid=05a059c9-c309-46af-9b86-b06d42510550%26redirect=http://localhost:3000/auth/authenticate
Filter chain halted as [:check_authentication] rendered_or_redirected.
Completed in 0ms (DB: 0) | 302 Found [http://localhost/auth/authenticate?target=AppAuthSuccess&wctoken=ASAAAKoFrF0b0K5OskdmMgYDmqj1LS7LOjmyB5WYwdPkCVg3Ri7LjWRXl4bizdk5BpQ17ju9ImzQ%2bi5QOjDtw8vMUEHZBBuyjES0OkwZMgPGAoDj1qGztm7h%2fkWjzAn%2fzNfLj1G5CAm5mnodfDd2jLCpJ0LBoEskpJrUtdae%2fjvGw71YkoFo3w%3d%3d]


Processing AuthController#authenticate (for 127.0.0.1 at 2009-08-05 17:02:59) [GET]
  Parameters: {"wctoken"=>"ASAAAD+HHPg1l1hBh31SRVaLS/0hPxMWv0fKMruIjE8EmQ3SgrCcn0nSA1g7Jt7CfUmlmsUs/Fx0dk9PfrquqRTYpPC5eHhwRe7sBbdYEJFDEn5ESISriMktfjFS0lhZpYrBmZLID2iLRJUFO/bz9p1+iLgS0LYowBDLCAodeCRwlnGFSAQmSQ==", "target"=>"AppAuthSuccess"}
Redirected to https://account.healthvault-ppe.com/redirect.aspx?target=AUTH&targetqs=?appid=05a059c9-c309-46af-9b86-b06d42510550%26redirect=http://localhost:3000/auth/authenticate
Filter chain halted as [:check_authentication] rendered_or_redirected.
Completed in 0ms (DB: 0) | 302 Found [http://localhost/auth/authenticate?target=AppAuthSuccess&wctoken=ASAAAD%2bHHPg1l1hBh31SRVaLS%2f0hPxMWv0fKMruIjE8EmQ3SgrCcn0nSA1g7Jt7CfUmlmsUs%2fFx0dk9PfrquqRTYpPC5eHhwRe7sBbdYEJFDEn5ESISriMktfjFS0lhZpYrBmZLID2iLRJUFO%2fbz9p1%2biLgS0LYowBDLCAodeCRwlnGFSAQmSQ%3d%3d]


Processing AuthController#authenticate (for 127.0.0.1 at 2009-08-05 17:03:00) [GET]
  Parameters: {"wctoken"=>"ASAAAD+HHPg1l1hBh31SRVaLS/1ESzFAIWaffGjluerPJI0vOls4vMGYDzJZVlTolTt8g8geugs7cc0QBqP6J38jSNnhUtv7WhLxxltLoES0WMcxLXMjy9fmrgRrXm4la/3VFMFGrj4pbVT0saxKv4fMqoAzwVsy262J8nP14gwl9mgFhnY88A==", "target"=>"AppAuthSuccess"}
Redirected to https://account.healthvault-ppe.com/redirect.aspx?target=AUTH&targetqs=?appid=05a059c9-c309-46af-9b86-b06d42510550%26redirect=http://localhost:3000/auth/authenticate
Filter chain halted as [:check_authentication] rendered_or_redirected.
Completed in 0ms (DB: 0) | 302 Found [http://localhost/auth/authenticate?target=AppAuthSuccess&wctoken=ASAAAD%2bHHPg1l1hBh31SRVaLS%2f1ESzFAIWaffGjluerPJI0vOls4vMGYDzJZVlTolTt8g8geugs7cc0QBqP6J38jSNnhUtv7WhLxxltLoES0WMcxLXMjy9fmrgRrXm4la%2f3VFMFGrj4pbVT0saxKv4fMqoAzwVsy262J8nP14gwl9mgFhnY88A%3d%3d]


Processing AuthController#authenticate (for 127.0.0.1 at 2009-08-05 17:03:01) [GET]
  Parameters: {"wctoken"=>"ASAAAPhX6za2gVpHsxjDGlV96e0j8vFzzNOc8zlDYHB3hn9NUJ4XLeW4RYcle5yydQQFV+Yl0qD4Oty7JZtVsOHXsTN1+JR5ApCQKV+YLoDrKeafE6byzrFL6KDD/3X6VuMAncQicWKxyvFYjdjKg7XTvKVnlSYNmWno8IXiAMIzKliICc1/aQ==", "target"=>"AppAuthSuccess"}
Redirected to https://account.healthvault-ppe.com/redirect.aspx?target=AUTH&targetqs=?appid=05a059c9-c309-46af-9b86-b06d42510550%26redirect=http://localhost:3000/auth/authenticate
Filter chain halted as [:check_authentication] rendered_or_redirected.
Completed in 0ms (DB: 0) | 302 Found [http://localhost/auth/authenticate?target=AppAuthSuccess&wctoken=ASAAAPhX6za2gVpHsxjDGlV96e0j8vFzzNOc8zlDYHB3hn9NUJ4XLeW4RYcle5yydQQFV%2bYl0qD4Oty7JZtVsOHXsTN1%2bJR5ApCQKV%2bYLoDrKeafE6byzrFL6KDD%2f3X6VuMAncQicWKxyvFYjdjKg7XTvKVnlSYNmWno8IXiAMIzKliICc1%2faQ%3d%3d]


Processing AuthController#authenticate (for 127.0.0.1 at 2009-08-05 17:03:03) [GET]
  Parameters: {"wctoken"=>"ASAAAD+HHPg1l1hBh31SRVaLS/3E06tdbURMB94OeN7wFmriS+xldaNKzEOGefdMVR2pQEMYfEeVyKVx5pEiR4qt4eEqZkaMf7vdEL+VlkTpPlc+539bxg2CXVVe4L0x3xBAJv0+Gnqjh6m2THOqV3D8hs5nBT4w3wQnBk35IEcbU7H6uLP+zA==", "target"=>"AppAuthSuccess"}
Redirected to https://account.healthvault-ppe.com/redirect.aspx?target=AUTH&targetqs=?appid=05a059c9-c309-46af-9b86-b06d42510550%26redirect=http://localhost:3000/auth/authenticate
Filter chain halted as [:check_authentication] rendered_or_redirected.
Completed in 0ms (DB: 0) | 302 Found [http://localhost/auth/authenticate?target=AppAuthSuccess&wctoken=ASAAAD%2bHHPg1l1hBh31SRVaLS%2f3E06tdbURMB94OeN7wFmriS%2bxldaNKzEOGefdMVR2pQEMYfEeVyKVx5pEiR4qt4eEqZkaMf7vdEL%2bVlkTpPlc%2b539bxg2CXVVe4L0x3xBAJv0%2bGnqjh6m2THOqV3D8hs5nBT4w3wQnBk35IEcbU7H6uLP%2bzA%3d%3d]


Processing AuthController#authenticate (for 127.0.0.1 at 2009-08-05 17:03:04) [GET]
  Parameters: {"wctoken"=>"ASAAAGvOUX1EGu1LoDaK6AwEsOuBnZ+9+qUy1CUT907vsvp25eArScQnjf7G7IXRWC6QstDImLvUWtfkMTShX8Ktn9T8yz3Md7l9NymbmFO3OtieCxu3+D0vYaJB1k4PcIGmNH4zR4MjFL9OAxfOI+rz9W1TTWdIDjmwpQu3PZI58JvI8oYThg==", "target"=>"AppAuthSuccess"}
Redirected to https://account.healthvault-ppe.com/redirect.aspx?target=AUTH&targetqs=?appid=05a059c9-c309-46af-9b86-b06d42510550%26redirect=http://localhost:3000/auth/authenticate
Filter chain halted as [:check_authentication] rendered_or_redirected.
Completed in 0ms (DB: 0) | 302 Found [http://localhost/auth/authenticate?target=AppAuthSuccess&wctoken=ASAAAGvOUX1EGu1LoDaK6AwEsOuBnZ%2b9%2bqUy1CUT907vsvp25eArScQnjf7G7IXRWC6QstDImLvUWtfkMTShX8Ktn9T8yz3Md7l9NymbmFO3OtieCxu3%2bD0vYaJB1k4PcIGmNH4zR4MjFL9OAxfOI%2brz9W1TTWdIDjmwpQu3PZI58JvI8oYThg%3d%3d]


Processing AuthController#authenticate (for 127.0.0.1 at 2009-08-05 17:03:05) [GET]
  Parameters: {"wctoken"=>"ASAAAKoFrF0b0K5OskdmMgYDmqjmcoyBz2C55TcKxoHSaglbqrlk/JGVRIKxVooxqvVahQmpICYeBNqwIZ5br0uPF5NitvvdTh/OAn0XcW1dcBkngdlRaVm8BMoYuIFsVmFdbq3MxSln+4ooqrz1nLGkXvnUtGhvLhPTKQ7R1MVuXNe/aU3jYw==", "target"=>"AppAuthSuccess"}
Redirected to https://account.healthvault-ppe.com/redirect.aspx?target=AUTH&targetqs=?appid=05a059c9-c309-46af-9b86-b06d42510550%26redirect=http://localhost:3000/auth/authenticate
Filter chain halted as [:check_authentication] rendered_or_redirected.
Completed in 0ms (DB: 0) | 302 Found [http://localhost/auth/authenticate?target=AppAuthSuccess&wctoken=ASAAAKoFrF0b0K5OskdmMgYDmqjmcoyBz2C55TcKxoHSaglbqrlk%2fJGVRIKxVooxqvVahQmpICYeBNqwIZ5br0uPF5NitvvdTh%2fOAn0XcW1dcBkngdlRaVm8BMoYuIFsVmFdbq3MxSln%2b4ooqrz1nLGkXvnUtGhvLhPTKQ7R1MVuXNe%2faU3jYw%3d%3d]


Processing AuthController#authenticate (for 127.0.0.1 at 2009-08-05 17:03:06) [GET]
  Parameters: {"wctoken"=>"ASAAAKoFrF0b0K5OskdmMgYDmqjlv3IE5LyCPNufT6E8cqRJ4RIpKZyyfMSMSZy/6WOsSbv34kxMzJcdN/kPBZGMoNakRtodoKNFSm9TO+Vc6G0n+lhTQCar47FEFx/0ODX161iLhc+UyAbgeS3qAT+jR2IBWk+JHPlZjHCW01jwEwL//piSsg==", "target"=>"AppAuthSuccess"}
Redirected to https://account.healthvault-ppe.com/redirect.aspx?target=AUTH&targetqs=?appid=05a059c9-c309-46af-9b86-b06d42510550%26redirect=http://localhost:3000/auth/authenticate
Filter chain halted as [:check_authentication] rendered_or_redirected.
Completed in 0ms (DB: 0) | 302 Found [http://localhost/auth/authenticate?target=AppAuthSuccess&wctoken=ASAAAKoFrF0b0K5OskdmMgYDmqjlv3IE5LyCPNufT6E8cqRJ4RIpKZyyfMSMSZy%2f6WOsSbv34kxMzJcdN%2fkPBZGMoNakRtodoKNFSm9TO%2bVc6G0n%2blhTQCar47FEFx%2f0ODX161iLhc%2bUyAbgeS3qAT%2bjR2IBWk%2bJHPlZjHCW01jwEwL%2f%2fpiSsg%3d%3d]


Processing AuthController#authenticate (for 127.0.0.1 at 2009-08-05 17:03:07) [GET]
  Parameters: {"wctoken"=>"ASAAAKoFrF0b0K5OskdmMgYDmqg7SR7XKa2txE4cbMNnT0/2TAzpEhQ0WsCixQnMSgaqCaDZIVoh5t9DzahNXQeng1pBTdX6JMOxX3u04M2zWSM5NTgniYqFedEUyLeiamNbjErnOEEBrYuLmdbM67ZEvY1Fmg7hKd4/3s75QTfh0rrT2qCm9Q==", "target"=>"AppAuthSuccess"}
Redirected to https://account.healthvault-ppe.com/redirect.aspx?target=AUTH&targetqs=?appid=05a059c9-c309-46af-9b86-b06d42510550%26redirect=http://localhost:3000/auth/authenticate
Filter chain halted as [:check_authentication] rendered_or_redirected.
Completed in 0ms (DB: 0) | 302 Found [http://localhost/auth/authenticate?target=AppAuthSuccess&wctoken=ASAAAKoFrF0b0K5OskdmMgYDmqg7SR7XKa2txE4cbMNnT0%2f2TAzpEhQ0WsCixQnMSgaqCaDZIVoh5t9DzahNXQeng1pBTdX6JMOxX3u04M2zWSM5NTgniYqFedEUyLeiamNbjErnOEEBrYuLmdbM67ZEvY1Fmg7hKd4%2f3s75QTfh0rrT2qCm9Q%3d%3d]


Processing AuthController#authenticate (for 127.0.0.1 at 2009-08-05 17:03:08) [GET]
  Parameters: {"wctoken"=>"ASAAANFR1E5ZDrtDpyomH9OHj5rexjtd8ld+6SlzlQYjK4bE2MGHmizM03L+HIgzNnGOFi0/qy1L7meZ0F68d69m0UY1zMJTtp99jOJf/pLCi6x/VzkkOv3nIPD7kM3jCjzPhwj+3fdlIcDaR+7y83NzK4A+NoiE+XO+7dn41yImOlzo2JQhIg==", "target"=>"AppAuthSuccess"}
Redirected to https://account.healthvault-ppe.com/redirect.aspx?target=AUTH&targetqs=?appid=05a059c9-c309-46af-9b86-b06d42510550%26redirect=http://localhost:3000/auth/authenticate
Filter chain halted as [:check_authentication] rendered_or_redirected.
Completed in 0ms (DB: 0) | 302 Found [http://localhost/auth/authenticate?target=AppAuthSuccess&wctoken=ASAAANFR1E5ZDrtDpyomH9OHj5rexjtd8ld%2b6SlzlQYjK4bE2MGHmizM03L%2bHIgzNnGOFi0%2fqy1L7meZ0F68d69m0UY1zMJTtp99jOJf%2fpLCi6x%2fVzkkOv3nIPD7kM3jCjzPhwj%2b3fdlIcDaR%2b7y83NzK4A%2bNoiE%2bXO%2b7dn41yImOlzo2JQhIg%3d%3d]


Processing AuthController#authenticate (for 127.0.0.1 at 2009-08-05 17:03:10) [GET]
  Parameters: {"wctoken"=>"ASAAAL521LOldQtGiX7+DH6UmFmmLiLCMyqviBWSauSZx7iWuhe4MizHn3yMSSfb+grt+wIJv+xlXmWIwyua65uYecgatRw/Dx9+80aYHg7hWumGgIUOEZPEYrywIA4BDKz22Uvyv0FaBGuKc4q6HWSTuBz8+vBNW/iJbngVYiUW68bfg+XWYQ==", "target"=>"AppAuthSuccess"}
Redirected to https://account.healthvault-ppe.com/redirect.aspx?target=AUTH&targetqs=?appid=05a059c9-c309-46af-9b86-b06d42510550%26redirect=http://localhost:3000/auth/authenticate
Filter chain halted as [:check_authentication] rendered_or_redirected.
Completed in 0ms (DB: 0) | 302 Found [http://localhost/auth/authenticate?target=AppAuthSuccess&wctoken=ASAAAL521LOldQtGiX7%2bDH6UmFmmLiLCMyqviBWSauSZx7iWuhe4MizHn3yMSSfb%2bgrt%2bwIJv%2bxlXmWIwyua65uYecgatRw%2fDx9%2b80aYHg7hWumGgIUOEZPEYrywIA4BDKz22Uvyv0FaBGuKc4q6HWSTuBz8%2bvBNW%2fiJbngVYiUW68bfg%2bXWYQ%3d%3d]


Processing ApplicationController#index (for 127.0.0.1 at 2009-08-05 17:03:20) [GET]
Redirected to https://account.healthvault-ppe.com/redirect.aspx?target=AUTH&targetqs=?appid=05a059c9-c309-46af-9b86-b06d42510550%26redirect=http://localhost:3000/auth/authenticate
Filter chain halted as [:check_authentication] rendered_or_redirected.
Completed in 0ms (DB: 0) | 302 Found [http://localhost/]


Processing AuthController#authenticate (for 127.0.0.1 at 2009-08-05 17:03:21) [GET]
  Parameters: {"wctoken"=>"ASAAAD+HHPg1l1hBh31SRVaLS/3ZzJ6uM203xyZqD2SK3Txl3NXzZQpaiKSsF5TtoOJ9hW8rX1PzLXbcA1JugOqT6CKB/GSkEDpT2X3ysBZxbCzDhpNwgicm9/ahixnI22veJTZdDlfqFp1kFzYZuz9KKiVRj8/cQPCexcee/LJoiEEVmLdUww==", "target"=>"AppAuthSuccess"}
Redirected to https://account.healthvault-ppe.com/redirect.aspx?target=AUTH&targetqs=?appid=05a059c9-c309-46af-9b86-b06d42510550%26redirect=http://localhost:3000/auth/authenticate
Filter chain halted as [:check_authentication] rendered_or_redirected.
Completed in 0ms (DB: 0) | 302 Found [http://localhost/auth/authenticate?target=AppAuthSuccess&wctoken=ASAAAD%2bHHPg1l1hBh31SRVaLS%2f3ZzJ6uM203xyZqD2SK3Txl3NXzZQpaiKSsF5TtoOJ9hW8rX1PzLXbcA1JugOqT6CKB%2fGSkEDpT2X3ysBZxbCzDhpNwgicm9%2fahixnI22veJTZdDlfqFp1kFzYZuz9KKiVRj8%2fcQPCexcee%2fLJoiEEVmLdUww%3d%3d]


Processing AuthController#authenticate (for 127.0.0.1 at 2009-08-05 17:03:22) [GET]
  Parameters: {"wctoken"=>"ASAAAPhX6za2gVpHsxjDGlV96e0D0rUaOhtzlXoiQ/AxioH3rcimPZqwognGOp5V6cd+xiS2q1Mf5D5r6dDfi3Mnd97BBiGIrnl/GoIZ8Bnvp58dq35olYyPZTZFgjyvhE2b9uyndx8dF7rLocrFDWC92+HECjeyrzoC+8oWhOVslrLcjF3Q4A==", "target"=>"AppAuthSuccess"}
Redirected to https://account.healthvault-ppe.com/redirect.aspx?target=AUTH&targetqs=?appid=05a059c9-c309-46af-9b86-b06d42510550%26redirect=http://localhost:3000/auth/authenticate
Filter chain halted as [:check_authentication] rendered_or_redirected.
Completed in 0ms (DB: 0) | 302 Found [http://localhost/auth/authenticate?target=AppAuthSuccess&wctoken=ASAAAPhX6za2gVpHsxjDGlV96e0D0rUaOhtzlXoiQ%2fAxioH3rcimPZqwognGOp5V6cd%2bxiS2q1Mf5D5r6dDfi3Mnd97BBiGIrnl%2fGoIZ8Bnvp58dq35olYyPZTZFgjyvhE2b9uyndx8dF7rLocrFDWC92%2bHECjeyrzoC%2b8oWhOVslrLcjF3Q4A%3d%3d]


Processing AuthController#authenticate (for 127.0.0.1 at 2009-08-05 17:03:24) [GET]
  Parameters: {"wctoken"=>"ASAAAKoFrF0b0K5OskdmMgYDmqjHzPqmM9YCZBDbc3yarZG7bNl/zsxwPRv9uqTjLJ9wsrkyK/y7k5+ftZTU4nZX26iz9CSOI/1mNHvTnzzPYSRnL0Ek6qNVrelA6DSzj2hL/uUBxdbMBgXPXnGD8nbFxffTCcxapSzuD/gHRPMkNag4PZYY1w==", "target"=>"AppAuthSuccess"}
Redirected to https://account.healthvault-ppe.com/redirect.aspx?target=AUTH&targetqs=?appid=05a059c9-c309-46af-9b86-b06d42510550%26redirect=http://localhost:3000/auth/authenticate
Filter chain halted as [:check_authentication] rendered_or_redirected.
Completed in 0ms (DB: 0) | 302 Found [http://localhost/auth/authenticate?target=AppAuthSuccess&wctoken=ASAAAKoFrF0b0K5OskdmMgYDmqjHzPqmM9YCZBDbc3yarZG7bNl%2fzsxwPRv9uqTjLJ9wsrkyK%2fy7k5%2bftZTU4nZX26iz9CSOI%2f1mNHvTnzzPYSRnL0Ek6qNVrelA6DSzj2hL%2fuUBxdbMBgXPXnGD8nbFxffTCcxapSzuD%2fgHRPMkNag4PZYY1w%3d%3d]


Processing AuthController#authenticate (for 127.0.0.1 at 2009-08-05 17:03:25) [GET]
  Parameters: {"wctoken"=>"ASAAAL8w5X22sW5CqL9REUOTbNBcA+mXYW5BKefD6banAVp3SZ+1RB7pVF91SySgW1vuc202L9ymDPBSNmisZjvRG5pCVmj89ISGmEq6bZyWly+IAD6DezGJ6EqeQjeFazlYIoei58U/5SlTu+JuFu4iMimSe8Od63L+EcX3C3u8TF8Xopbx9A==", "target"=>"AppAuthSuccess"}
Redirected to https://account.healthvault-ppe.com/redirect.aspx?target=AUTH&targetqs=?appid=05a059c9-c309-46af-9b86-b06d42510550%26redirect=http://localhost:3000/auth/authenticate
Filter chain halted as [:check_authentication] rendered_or_redirected.
Completed in 0ms (DB: 0) | 302 Found [http://localhost/auth/authenticate?target=AppAuthSuccess&wctoken=ASAAAL8w5X22sW5CqL9REUOTbNBcA%2bmXYW5BKefD6banAVp3SZ%2b1RB7pVF91SySgW1vuc202L9ymDPBSNmisZjvRG5pCVmj89ISGmEq6bZyWly%2bIAD6DezGJ6EqeQjeFazlYIoei58U%2f5SlTu%2bJuFu4iMimSe8Od63L%2bEcX3C3u8TF8Xopbx9A%3d%3d]


Processing AuthController#authenticate (for 127.0.0.1 at 2009-08-05 17:03:26) [GET]
  Parameters: {"wctoken"=>"ASAAAL8w5X22sW5CqL9REUOTbNCZKchUr9TzSBoY+fDH/WCnDpNV98EHrnOzLbN/UTsM+CTt585wKTNRLAVJ+8KGPSyaZ8FDH+THD2Omsit8MpdsI2afEM0P+iQ40sCoxULYDt2g+lC2jswsTnyZRlxHaaRS6WENxVYHLYtr3p3Pc1FSfxRd6Q==", "target"=>"AppAuthSuccess"}
Redirected to https://account.healthvault-ppe.com/redirect.aspx?target=AUTH&targetqs=?appid=05a059c9-c309-46af-9b86-b06d42510550%26redirect=http://localhost:3000/auth/authenticate
Filter chain halted as [:check_authentication] rendered_or_redirected.
Completed in 0ms (DB: 0) | 302 Found [http://localhost/auth/authenticate?target=AppAuthSuccess&wctoken=ASAAAL8w5X22sW5CqL9REUOTbNCZKchUr9TzSBoY%2bfDH%2fWCnDpNV98EHrnOzLbN%2fUTsM%2bCTt585wKTNRLAVJ%2b8KGPSyaZ8FDH%2bTHD2Omsit8MpdsI2afEM0P%2biQ40sCoxULYDt2g%2blC2jswsTnyZRlxHaaRS6WENxVYHLYtr3p3Pc1FSfxRd6Q%3d%3d]


Processing AuthController#authenticate (for 127.0.0.1 at 2009-08-05 17:03:27) [GET]
  Parameters: {"wctoken"=>"ASAAAL521LOldQtGiX7+DH6UmFkhdBb52PxYqjRKqXgWHOdBrgCJ2IPfxNqclI05DNYIWHU+8Gt2LF/5lmeyBLXaPz4UhMcSKaiwt1r2svoT9IwbJXqloQoTjAUsi07DFoTTcczrXgXMfdE+Ibsjehmo/wTsOy1ZdQ1ioy8Wucg4yXa0pboKGQ==", "target"=>"AppAuthSuccess"}
Redirected to https://account.healthvault-ppe.com/redirect.aspx?target=AUTH&targetqs=?appid=05a059c9-c309-46af-9b86-b06d42510550%26redirect=http://localhost:3000/auth/authenticate
Filter chain halted as [:check_authentication] rendered_or_redirected.
Completed in 0ms (DB: 0) | 302 Found [http://localhost/auth/authenticate?target=AppAuthSuccess&wctoken=ASAAAL521LOldQtGiX7%2bDH6UmFkhdBb52PxYqjRKqXgWHOdBrgCJ2IPfxNqclI05DNYIWHU%2b8Gt2LF%2f5lmeyBLXaPz4UhMcSKaiwt1r2svoT9IwbJXqloQoTjAUsi07DFoTTcczrXgXMfdE%2bIbsjehmo%2fwTsOy1ZdQ1ioy8Wucg4yXa0pboKGQ%3d%3d]


Processing AuthController#authenticate (for 127.0.0.1 at 2009-08-05 17:03:28) [GET]
  Parameters: {"wctoken"=>"ASAAANFR1E5ZDrtDpyomH9OHj5oM8/WpnlG+3k5Aj7Qy1PuHWVNl5Cc5mB02ucXONNyMQOZSRSbF5XM35tzSPYuKbViwkEA3pu87B2le6gZ+Qqicq8D++XGQqRv9DAxq7/9P/U4cKby/iGHO4Oienkyh2rj323uwdYQpgoQ5IIPN1mUAN6807Q==", "target"=>"AppAuthSuccess"}
Redirected to https://account.healthvault-ppe.com/redirect.aspx?target=AUTH&targetqs=?appid=05a059c9-c309-46af-9b86-b06d42510550%26redirect=http://localhost:3000/auth/authenticate
Filter chain halted as [:check_authentication] rendered_or_redirected.
Completed in 0ms (DB: 0) | 302 Found [http://localhost/auth/authenticate?target=AppAuthSuccess&wctoken=ASAAANFR1E5ZDrtDpyomH9OHj5oM8%2fWpnlG%2b3k5Aj7Qy1PuHWVNl5Cc5mB02ucXONNyMQOZSRSbF5XM35tzSPYuKbViwkEA3pu87B2le6gZ%2bQqicq8D%2b%2bXGQqRv9DAxq7%2f9P%2fU4cKby%2fiGHO4Oienkyh2rj323uwdYQpgoQ5IIPN1mUAN6807Q%3d%3d]


Processing AuthController#authenticate (for 127.0.0.1 at 2009-08-05 17:03:29) [GET]
  Parameters: {"wctoken"=>"ASAAAGqn95wyJApHq8YUaIVfeJN8+hvtOPWYqUj8YS8lD4BwZVMpptUfdkC45mN8zhB/COy4kmfypdO70R2ljt4SAu9tATUYhhST5FuydKxlxhjs73TrusLUEfo3k/lH8cnaRUeNDMJMgcbQ3abjdUTu0UoOPA8CcJm4YYPksp+/fypJ9v16kg==", "target"=>"AppAuthSuccess"}
Redirected to https://account.healthvault-ppe.com/redirect.aspx?target=AUTH&targetqs=?appid=05a059c9-c309-46af-9b86-b06d42510550%26redirect=http://localhost:3000/auth/authenticate
Filter chain halted as [:check_authentication] rendered_or_redirected.
Completed in 0ms (DB: 0) | 302 Found [http://localhost/auth/authenticate?target=AppAuthSuccess&wctoken=ASAAAGqn95wyJApHq8YUaIVfeJN8%2bhvtOPWYqUj8YS8lD4BwZVMpptUfdkC45mN8zhB%2fCOy4kmfypdO70R2ljt4SAu9tATUYhhST5FuydKxlxhjs73TrusLUEfo3k%2flH8cnaRUeNDMJMgcbQ3abjdUTu0UoOPA8CcJm4YYPksp%2b%2ffypJ9v16kg%3d%3d]


Processing AuthController#authenticate (for 127.0.0.1 at 2009-08-05 17:03:31) [GET]
  Parameters: {"wctoken"=>"ASAAAKoFrF0b0K5OskdmMgYDmqiNBClRAKVqiE9khXfUI7cVxt7k82qbXVmtPR11K5br0FgV+sY50amSe1fif7qfuB8NJh3yK3niQT/PuLygq8IiKWWTXOKCnygliQHiHo0ZcLEqb9HQVFiwvLMp1nfZUCXqO91awHKKIgvWyY2pKX+7FUvgKw==", "target"=>"AppAuthSuccess"}
Redirected to https://account.healthvault-ppe.com/redirect.aspx?target=AUTH&targetqs=?appid=05a059c9-c309-46af-9b86-b06d42510550%26redirect=http://localhost:3000/auth/authenticate
Filter chain halted as [:check_authentication] rendered_or_redirected.
Completed in 0ms (DB: 0) | 302 Found [http://localhost/auth/authenticate?target=AppAuthSuccess&wctoken=ASAAAKoFrF0b0K5OskdmMgYDmqiNBClRAKVqiE9khXfUI7cVxt7k82qbXVmtPR11K5br0FgV%2bsY50amSe1fif7qfuB8NJh3yK3niQT%2fPuLygq8IiKWWTXOKCnygliQHiHo0ZcLEqb9HQVFiwvLMp1nfZUCXqO91awHKKIgvWyY2pKX%2b7FUvgKw%3d%3d]


Processing AuthController#authenticate (for 127.0.0.1 at 2009-08-05 17:03:32) [GET]
  Parameters: {"wctoken"=>"ASAAAKoFrF0b0K5OskdmMgYDmqglWiu0Lr91OkqUUed+8GdT8UYuu/ixXbWHF4i3e9/TaofxwTjwzmodwz0HFpkaY8cxhM2cYoBNFOGVJr1l8gNXahnz9BEGH4bmZSZhHufej1RfnUyCEL3DKakJ0ZnD/3YdOfHv29O4YK05ZNBsS9M3BmYuwQ==", "target"=>"AppAuthSuccess"}
Redirected to https://account.healthvault-ppe.com/redirect.aspx?target=AUTH&targetqs=?appid=05a059c9-c309-46af-9b86-b06d42510550%26redirect=http://localhost:3000/auth/authenticate
Filter chain halted as [:check_authentication] rendered_or_redirected.
Completed in 1ms (DB: 0) | 302 Found [http://localhost/auth/authenticate?target=AppAuthSuccess&wctoken=ASAAAKoFrF0b0K5OskdmMgYDmqglWiu0Lr91OkqUUed%2b8GdT8UYuu%2fixXbWHF4i3e9%2fTaofxwTjwzmodwz0HFpkaY8cxhM2cYoBNFOGVJr1l8gNXahnz9BEGH4bmZSZhHufej1RfnUyCEL3DKakJ0ZnD%2f3YdOfHv29O4YK05ZNBsS9M3BmYuwQ%3d%3d]


Processing AuthController#authenticate (for 127.0.0.1 at 2009-08-05 17:03:33) [GET]
  Parameters: {"wctoken"=>"ASAAAL8w5X22sW5CqL9REUOTbNDi4Oo4CzNQkgxJi9a7+aO0BHzD+0wSt8ZDtARPQiJYSdDhG7kvx5hZSuuJ9HCSHcdguI30hX9i0TWhvUEiFX2pVY1IAe9ew9sUbG87b8T1VpwUZFQGqPia+rwV9ZYeJaQkGD0n7z4hKzbzVSX3i1GuxR39Yw==", "target"=>"AppAuthSuccess"}
Redirected to https://account.healthvault-ppe.com/redirect.aspx?target=AUTH&targetqs=?appid=05a059c9-c309-46af-9b86-b06d42510550%26redirect=http://localhost:3000/auth/authenticate
Filter chain halted as [:check_authentication] rendered_or_redirected.
Completed in 0ms (DB: 0) | 302 Found [http://localhost/auth/authenticate?target=AppAuthSuccess&wctoken=ASAAAL8w5X22sW5CqL9REUOTbNDi4Oo4CzNQkgxJi9a7%2baO0BHzD%2b0wSt8ZDtARPQiJYSdDhG7kvx5hZSuuJ9HCSHcdguI30hX9i0TWhvUEiFX2pVY1IAe9ew9sUbG87b8T1VpwUZFQGqPia%2brwV9ZYeJaQkGD0n7z4hKzbzVSX3i1GuxR39Yw%3d%3d]


Processing ApplicationController#index (for 127.0.0.1 at 2009-08-05 17:04:02) [GET]
Redirected to https://account.healthvault-ppe.com/redirect.aspx?target=AUTH&targetqs=?appid=05a059c9-c309-46af-9b86-b06d42510550%26redirect=http://localhost:3000/auth/authenticate
Filter chain halted as [:check_authentication] rendered_or_redirected.
Completed in 0ms (DB: 0) | 302 Found [http://localhost/]


Processing AuthController#authenticate (for 127.0.0.1 at 2009-08-05 17:04:03) [GET]
  Parameters: {"wctoken"=>"ASAAAFNSZxbfYIJCtQvGIjwwGzWqK5B8rAHY6V2u/xINuR95ydIt9w29RhloyW1Eu7ujJHp6ja4pNpvwqN5ZeNbQv3KdgWqJyAntMN/aAq7Ny8cMEUra5qsJC1EK9hh1bhGisesP+P9VJtOhifgyYX918zW2BYtTeveuzJvJJ5SbHatIrCdabA==", "target"=>"AppAuthSuccess"}
Redirected to https://account.healthvault-ppe.com/redirect.aspx?target=AUTH&targetqs=?appid=05a059c9-c309-46af-9b86-b06d42510550%26redirect=http://localhost:3000/auth/authenticate
Filter chain halted as [:check_authentication] rendered_or_redirected.
Completed in 0ms (DB: 0) | 302 Found [http://localhost/auth/authenticate?target=AppAuthSuccess&wctoken=ASAAAFNSZxbfYIJCtQvGIjwwGzWqK5B8rAHY6V2u%2fxINuR95ydIt9w29RhloyW1Eu7ujJHp6ja4pNpvwqN5ZeNbQv3KdgWqJyAntMN%2faAq7Ny8cMEUra5qsJC1EK9hh1bhGisesP%2bP9VJtOhifgyYX918zW2BYtTeveuzJvJJ5SbHatIrCdabA%3d%3d]


Processing AuthController#authenticate (for 127.0.0.1 at 2009-08-05 17:04:04) [GET]
  Parameters: {"wctoken"=>"ASAAAJsm9L1A9QpGjd5eh3fXN9nZQgRTPnCamDSuUPMaWmGEHtRqb/shoxqjT8YKBvWVDBGKprydBgyCrYzTfqT6IckHVGZao1IcizAxEexWot3/h8basLTB41EpllElZ0u9ncFq51fVxL2HfX3XeGstXNL5SJMGsinfVdkPiPyIVJVhrvz1pg==", "target"=>"AppAuthSuccess"}
Redirected to https://account.healthvault-ppe.com/redirect.aspx?target=AUTH&targetqs=?appid=05a059c9-c309-46af-9b86-b06d42510550%26redirect=http://localhost:3000/auth/authenticate
Filter chain halted as [:check_authentication] rendered_or_redirected.
Completed in 0ms (DB: 0) | 302 Found [http://localhost/auth/authenticate?target=AppAuthSuccess&wctoken=ASAAAJsm9L1A9QpGjd5eh3fXN9nZQgRTPnCamDSuUPMaWmGEHtRqb%2fshoxqjT8YKBvWVDBGKprydBgyCrYzTfqT6IckHVGZao1IcizAxEexWot3%2fh8basLTB41EpllElZ0u9ncFq51fVxL2HfX3XeGstXNL5SJMGsinfVdkPiPyIVJVhrvz1pg%3d%3d]


Processing AuthController#authenticate (for 127.0.0.1 at 2009-08-05 17:04:06) [GET]
  Parameters: {"wctoken"=>"ASAAAFNSZxbfYIJCtQvGIjwwGzViBFdsR2PR1/tAWtLzur/vR11lijGrV2MGOliygksdcn5WX394RbtroaMRKV1TQtj1WvEktDJ06hzgvW1K2LsYLUh5UN4QrnZ2ZUqdTXeqL6WtyBKGqEvbmXHOxpNFiH28MOQSzd/MZV2Ze0MWGiDAivK5kg==", "target"=>"AppAuthSuccess"}
Redirected to https://account.healthvault-ppe.com/redirect.aspx?target=AUTH&targetqs=?appid=05a059c9-c309-46af-9b86-b06d42510550%26redirect=http://localhost:3000/auth/authenticate
Filter chain halted as [:check_authentication] rendered_or_redirected.
Completed in 0ms (DB: 0) | 302 Found [http://localhost/auth/authenticate?target=AppAuthSuccess&wctoken=ASAAAFNSZxbfYIJCtQvGIjwwGzViBFdsR2PR1%2ftAWtLzur%2fvR11lijGrV2MGOliygksdcn5WX394RbtroaMRKV1TQtj1WvEktDJ06hzgvW1K2LsYLUh5UN4QrnZ2ZUqdTXeqL6WtyBKGqEvbmXHOxpNFiH28MOQSzd%2fMZV2Ze0MWGiDAivK5kg%3d%3d]


Processing AuthController#authenticate (for 127.0.0.1 at 2009-08-05 17:04:07) [GET]
  Parameters: {"wctoken"=>"ASAAAL8w5X22sW5CqL9REUOTbNAtqp+NH0u9iQiGBbtFsfGIpMB4cmgj9T45sQFSm1uHIQ1yKSLx7Z0tl0Co8mdMFB5NGBIdTNjbRjcCIGzlk441eb7xN7FrWDBRY3qrfUdZD7VxLoJlyqXmBDHZSHTHGuRqOYELR2kLHBJ2Bmfj2ncftA5/WA==", "target"=>"AppAuthSuccess"}
Redirected to https://account.healthvault-ppe.com/redirect.aspx?target=AUTH&targetqs=?appid=05a059c9-c309-46af-9b86-b06d42510550%26redirect=http://localhost:3000/auth/authenticate
Filter chain halted as [:check_authentication] rendered_or_redirected.
Completed in 0ms (DB: 0) | 302 Found [http://localhost/auth/authenticate?target=AppAuthSuccess&wctoken=ASAAAL8w5X22sW5CqL9REUOTbNAtqp%2bNH0u9iQiGBbtFsfGIpMB4cmgj9T45sQFSm1uHIQ1yKSLx7Z0tl0Co8mdMFB5NGBIdTNjbRjcCIGzlk441eb7xN7FrWDBRY3qrfUdZD7VxLoJlyqXmBDHZSHTHGuRqOYELR2kLHBJ2Bmfj2ncftA5%2fWA%3d%3d]


Processing AuthController#authenticate (for 127.0.0.1 at 2009-08-05 17:04:08) [GET]
  Parameters: {"wctoken"=>"ASAAAL8w5X22sW5CqL9REUOTbNC8KrMgjtDzX3KYhMaXPrnf6e5GqDR5Kd8rkOWOHGRPewvtnr3DFbJJ5mJAz0Lqk7o5U7TU3/HtbSKhqqAZRYebGahNB2ceXMMfaBE6vKHNMX1Rp36boxOsBHTp9osvGbb5jPpmBzB4eHjv6tckQdN3Y9j7+Q==", "target"=>"AppAuthSuccess"}
Redirected to https://account.healthvault-ppe.com/redirect.aspx?target=AUTH&targetqs=?appid=05a059c9-c309-46af-9b86-b06d42510550%26redirect=http://localhost:3000/auth/authenticate
Filter chain halted as [:check_authentication] rendered_or_redirected.
Completed in 0ms (DB: 0) | 302 Found [http://localhost/auth/authenticate?target=AppAuthSuccess&wctoken=ASAAAL8w5X22sW5CqL9REUOTbNC8KrMgjtDzX3KYhMaXPrnf6e5GqDR5Kd8rkOWOHGRPewvtnr3DFbJJ5mJAz0Lqk7o5U7TU3%2fHtbSKhqqAZRYebGahNB2ceXMMfaBE6vKHNMX1Rp36boxOsBHTp9osvGbb5jPpmBzB4eHjv6tckQdN3Y9j7%2bQ%3d%3d]


Processing AuthController#authenticate (for 127.0.0.1 at 2009-08-05 17:04:09) [GET]
  Parameters: {"wctoken"=>"ASAAAJsm9L1A9QpGjd5eh3fXN9kXCk4RWVeswrcAjw0zZdBdM6zmWAgE+juxWWxzISZgYjK1wbUrryNJWTDtVTVkIcFvMNrbDA19GtIMr1aPF6Q9MzvaJ0fnm9g34iYgHwmWPgrEV3X8J2Fuc92MimA3o9f9NSxtuM/LMFjMuHGaTZHzz+kAug==", "target"=>"AppAuthSuccess"}
Redirected to https://account.healthvault-ppe.com/redirect.aspx?target=AUTH&targetqs=?appid=05a059c9-c309-46af-9b86-b06d42510550%26redirect=http://localhost:3000/auth/authenticate
Filter chain halted as [:check_authentication] rendered_or_redirected.
Completed in 0ms (DB: 0) | 302 Found [http://localhost/auth/authenticate?target=AppAuthSuccess&wctoken=ASAAAJsm9L1A9QpGjd5eh3fXN9kXCk4RWVeswrcAjw0zZdBdM6zmWAgE%2bjuxWWxzISZgYjK1wbUrryNJWTDtVTVkIcFvMNrbDA19GtIMr1aPF6Q9MzvaJ0fnm9g34iYgHwmWPgrEV3X8J2Fuc92MimA3o9f9NSxtuM%2fLMFjMuHGaTZHzz%2bkAug%3d%3d]


Processing AuthController#authenticate (for 127.0.0.1 at 2009-08-05 17:04:10) [GET]
  Parameters: {"wctoken"=>"ASAAANFR1E5ZDrtDpyomH9OHj5pHb47wUtzDf9JzsI1q7POflTN6Hy4lhZ1Z8JQxz25yCTxEXC6DOznlHQaHu2Ok5eTxvflDJCGIqJjLzw9wejN+Gk9gwNN32+OCG42x2kfqVMHt6hJMhl5yrSUDL+efamva+DfpG1iMwSDRRR+ERV8zKKTBpg==", "target"=>"AppAuthSuccess"}
Redirected to https://account.healthvault-ppe.com/redirect.aspx?target=AUTH&targetqs=?appid=05a059c9-c309-46af-9b86-b06d42510550%26redirect=http://localhost:3000/auth/authenticate
Filter chain halted as [:check_authentication] rendered_or_redirected.
Completed in 0ms (DB: 0) | 302 Found [http://localhost/auth/authenticate?target=AppAuthSuccess&wctoken=ASAAANFR1E5ZDrtDpyomH9OHj5pHb47wUtzDf9JzsI1q7POflTN6Hy4lhZ1Z8JQxz25yCTxEXC6DOznlHQaHu2Ok5eTxvflDJCGIqJjLzw9wejN%2bGk9gwNN32%2bOCG42x2kfqVMHt6hJMhl5yrSUDL%2befamva%2bDfpG1iMwSDRRR%2bERV8zKKTBpg%3d%3d]


Processing AuthController#authenticate (for 127.0.0.1 at 2009-08-05 17:04:12) [GET]
  Parameters: {"wctoken"=>"ASAAANFR1E5ZDrtDpyomH9OHj5rGJhEBxkJ4HVzUty0frLEDM+f0ecil1rtgYEYtEy5bC1dbCDagztm428nVJGCTUR+XhaCGJXp4E8lHXAoUrO+PXiyUuxLX6ZHUfm25iQ4meThyMT4plIrEw/Q6XulIgtjVqHolR/MTu+SvZHQtfEgqvScGqg==", "target"=>"AppAuthSuccess"}
Redirected to https://account.healthvault-ppe.com/redirect.aspx?target=AUTH&targetqs=?appid=05a059c9-c309-46af-9b86-b06d42510550%26redirect=http://localhost:3000/auth/authenticate
Filter chain halted as [:check_authentication] rendered_or_redirected.
Completed in 0ms (DB: 0) | 302 Found [http://localhost/auth/authenticate?target=AppAuthSuccess&wctoken=ASAAANFR1E5ZDrtDpyomH9OHj5rGJhEBxkJ4HVzUty0frLEDM%2bf0ecil1rtgYEYtEy5bC1dbCDagztm428nVJGCTUR%2bXhaCGJXp4E8lHXAoUrO%2bPXiyUuxLX6ZHUfm25iQ4meThyMT4plIrEw%2fQ6XulIgtjVqHolR%2fMTu%2bSvZHQtfEgqvScGqg%3d%3d]


Processing AuthController#authenticate (for 127.0.0.1 at 2009-08-05 17:04:13) [GET]
  Parameters: {"wctoken"=>"ASAAAFNSZxbfYIJCtQvGIjwwGzWVMkncXw6/xVgJRCSFqhKbzU559AIymzXH417YQjxg9J/g9TDh0xChqlLV/AKmflSTXSgZWnzUuCzOolGSP0xX0ixCUtIenJRzsvtPr3dV/TT7eczdiBWoRsr8F4jxLXKexH04e+7vmWOXE1bsUNE9V7+xhQ==", "target"=>"AppAuthSuccess"}
Redirected to https://account.healthvault-ppe.com/redirect.aspx?target=AUTH&targetqs=?appid=05a059c9-c309-46af-9b86-b06d42510550%26redirect=http://localhost:3000/auth/authenticate
Filter chain halted as [:check_authentication] rendered_or_redirected.
Completed in 0ms (DB: 0) | 302 Found [http://localhost/auth/authenticate?target=AppAuthSuccess&wctoken=ASAAAFNSZxbfYIJCtQvGIjwwGzWVMkncXw6%2fxVgJRCSFqhKbzU559AIymzXH417YQjxg9J%2fg9TDh0xChqlLV%2fAKmflSTXSgZWnzUuCzOolGSP0xX0ixCUtIenJRzsvtPr3dV%2fTT7eczdiBWoRsr8F4jxLXKexH04e%2b7vmWOXE1bsUNE9V7%2bxhQ%3d%3d]


Processing AuthController#authenticate (for 127.0.0.1 at 2009-08-05 17:04:14) [GET]
  Parameters: {"wctoken"=>"ASAAAKoFrF0b0K5OskdmMgYDmqiUvLxXIN6DbTQUOfj9BYoXlR5DQ/eu+CG3Im7XFx+4SjFVMVsgSIGL6U7v91kjVLS9p5FjB5b4QfFSb0n5+a/QavKg0D+9fl400pnabT9mlQlOTDH4byMHwt98C2UWAGA9Xkd4szLUncR4C6GxplKx1iGzFQ==", "target"=>"AppAuthSuccess"}
Redirected to https://account.healthvault-ppe.com/redirect.aspx?target=AUTH&targetqs=?appid=05a059c9-c309-46af-9b86-b06d42510550%26redirect=http://localhost:3000/auth/authenticate
Filter chain halted as [:check_authentication] rendered_or_redirected.
Completed in 0ms (DB: 0) | 302 Found [http://localhost/auth/authenticate?target=AppAuthSuccess&wctoken=ASAAAKoFrF0b0K5OskdmMgYDmqiUvLxXIN6DbTQUOfj9BYoXlR5DQ%2feu%2bCG3Im7XFx%2b4SjFVMVsgSIGL6U7v91kjVLS9p5FjB5b4QfFSb0n5%2ba%2fQavKg0D%2b9fl400pnabT9mlQlOTDH4byMHwt98C2UWAGA9Xkd4szLUncR4C6GxplKx1iGzFQ%3d%3d]


Processing AuthController#authenticate (for 127.0.0.1 at 2009-08-05 17:04:16) [GET]
  Parameters: {"wctoken"=>"ASAAAGvOUX1EGu1LoDaK6AwEsOsbAOY/xkkFxOOpb/WAHHe7nyRvDt1TxCS5puaJ1ep8PNZ8pygyyRlTYssBBaRkIs/hcdcEfjGxTrQsnjYRFEq3hwJV89Z9RCxpAZXQds5LnC4Pr/bUH3Mmi/kFspFqUsc0Zh9Lslpwm+5SWNxVCiL6Z/Kdew==", "target"=>"AppAuthSuccess"}
Redirected to https://account.healthvault-ppe.com/redirect.aspx?target=AUTH&targetqs=?appid=05a059c9-c309-46af-9b86-b06d42510550%26redirect=http://localhost:3000/auth/authenticate
Filter chain halted as [:check_authentication] rendered_or_redirected.
Completed in 0ms (DB: 0) | 302 Found [http://localhost/auth/authenticate?target=AppAuthSuccess&wctoken=ASAAAGvOUX1EGu1LoDaK6AwEsOsbAOY%2fxkkFxOOpb%2fWAHHe7nyRvDt1TxCS5puaJ1ep8PNZ8pygyyRlTYssBBaRkIs%2fhcdcEfjGxTrQsnjYRFEq3hwJV89Z9RCxpAZXQds5LnC4Pr%2fbUH3Mmi%2fkFspFqUsc0Zh9Lslpwm%2b5SWNxVCiL6Z%2fKdew%3d%3d]


Processing AuthController#authenticate (for 127.0.0.1 at 2009-08-05 17:04:17) [GET]
  Parameters: {"wctoken"=>"ASAAAL521LOldQtGiX7+DH6UmFmdE+NvCnKKRSe80oi9dfXIt+2+h/VG/rs0THmJw4O8rQ7axVDiRXkVRpTNVXc0pv6NyakvaHhVbf/Z52Hd/vz2UivtCcPyRgh5OTblIqPVwMvpe77tJEkGoLSoO/bVYihV/geBEHn8HWEtlOQJHmgWBDrahg==", "target"=>"AppAuthSuccess"}
Redirected to https://account.healthvault-ppe.com/redirect.aspx?target=AUTH&targetqs=?appid=05a059c9-c309-46af-9b86-b06d42510550%26redirect=http://localhost:3000/auth/authenticate
Filter chain halted as [:check_authentication] rendered_or_redirected.
Completed in 0ms (DB: 0) | 302 Found [http://localhost/auth/authenticate?target=AppAuthSuccess&wctoken=ASAAAL521LOldQtGiX7%2bDH6UmFmdE%2bNvCnKKRSe80oi9dfXIt%2b2%2bh%2fVG%2frs0THmJw4O8rQ7axVDiRXkVRpTNVXc0pv6NyakvaHhVbf%2fZ52Hd%2fvz2UivtCcPyRgh5OTblIqPVwMvpe77tJEkGoLSoO%2fbVYihV%2fgeBEHn8HWEtlOQJHmgWBDrahg%3d%3d]


Processing ActionController::Base#index (for 127.0.0.1 at 2009-08-05 17:05:44) [GET]

NoMethodError (undefined method `[]' for :except:Symbol):
  app/controllers/application_controller.rb:11

Rendered rescues/_trace (25.4ms)
Rendered rescues/_request_and_response (1.2ms)
Rendering rescues/layout (internal_server_error)


Processing ApplicationController#index (for 127.0.0.1 at 2009-08-05 17:06:03) [GET]
Redirected to https://account.healthvault-ppe.com/redirect.aspx?target=AUTH&targetqs=?appid=05a059c9-c309-46af-9b86-b06d42510550%26redirect=http://localhost:3000/auth/authenticate
Filter chain halted as [:check_authentication] rendered_or_redirected.
Completed in 0ms (DB: 0) | 302 Found [http://localhost/]


Processing AuthController#authenticate (for 127.0.0.1 at 2009-08-05 17:06:04) [GET]
  Parameters: {"wctoken"=>"ASAAAFNSZxbfYIJCtQvGIjwwGzX8ss2PhJCfvu/H9rFog+Vxfy0stSWC2jmof3nXkt5EroSWnALjw9RWmShEiI/741iytDkiK0wjJxh+QiOYiXA1qRUNOnEgm7FdWm9LVcCjGFKZmlVzmhdwTe1cn6Ah5pcLkqOqDAAs3Ennox3nTI60Z+YZTw==", "target"=>"AppAuthSuccess"}
Redirected to http://localhost:3000/
Completed in 1ms (DB: 0) | 302 Found [http://localhost/auth/authenticate?target=AppAuthSuccess&wctoken=ASAAAFNSZxbfYIJCtQvGIjwwGzX8ss2PhJCfvu%2fH9rFog%2bVxfy0stSWC2jmof3nXkt5EroSWnALjw9RWmShEiI%2f741iytDkiK0wjJxh%2bQiOYiXA1qRUNOnEgm7FdWm9LVcCjGFKZmlVzmhdwTe1cn6Ah5pcLkqOqDAAs3Ennox3nTI60Z%2bYZTw%3d%3d]


Processing ApplicationController#index (for 127.0.0.1 at 2009-08-05 17:06:04) [GET]
Completed in 1ms (View: 0, DB: 0) | 200 OK [http://localhost/]


Processing ApplicationController#index (for 127.0.0.1 at 2009-08-05 17:06:33) [GET]
Completed in 2ms (View: 0, DB: 0) | 200 OK [http://localhost/]


Processing PatientInformationController#1 (for 127.0.0.1 at 2009-08-05 17:15:40) [GET]

ActionController::UnknownAction (No action responded to 1. Actions: check_authentication and index):
  

Rendering rescues/layout (not_found)


Processing ApplicationController#index (for 127.0.0.1 at 2009-08-05 17:17:13) [GET]

ActionController::RoutingError (No route matches "/1" with {:method=>:get}):
  

Rendering rescues/layout (not_found)


Processing ApplicationController#index (for 127.0.0.1 at 2009-08-05 17:17:23) [GET]

ActionController::RoutingError (No route matches "/test/1" with {:method=>:get}):
  

Rendering rescues/layout (not_found)


Processing ApplicationController#index (for 127.0.0.1 at 2009-08-05 17:17:29) [GET]
Redirected to https://account.healthvault-ppe.com/redirect.aspx?target=AUTH&targetqs=?appid=05a059c9-c309-46af-9b86-b06d42510550%26redirect=http://localhost:3000/auth/authenticate
Filter chain halted as [:check_authentication] rendered_or_redirected.
Completed in 0ms (DB: 0) | 302 Found [http://localhost/]


Processing AuthController#authenticate (for 127.0.0.1 at 2009-08-05 17:17:36) [GET]
  Parameters: {"wctoken"=>"ASAAAL521LOldQtGiX7+DH6UmFlt90np4blHzTZtuLJEj59Ac+qH7g/+ev+eeAs/wdpARAwXd1Zou0GyFANiBbMgAky2Ca1H3QTQwtrVIzs9/cYZ3UUCxweq2Y2X7z3O9TBzbo0e7RTr66Vwf/OixkiULCXmc+AxaPAfMK4aqtXxOqqg3lA6Pg==", "target"=>"AppAuthSuccess"}
Redirected to http://localhost:3000/
Completed in 1ms (DB: 0) | 302 Found [http://localhost/auth/authenticate?target=AppAuthSuccess&wctoken=ASAAAL521LOldQtGiX7%2bDH6UmFlt90np4blHzTZtuLJEj59Ac%2bqH7g%2f%2bev%2beeAs%2fwdpARAwXd1Zou0GyFANiBbMgAky2Ca1H3QTQwtrVIzs9%2fcYZ3UUCxweq2Y2X7z3O9TBzbo0e7RTr66Vwf%2fOixkiULCXmc%2bAxaPAfMK4aqtXxOqqg3lA6Pg%3d%3d]


Processing ApplicationController#index (for 127.0.0.1 at 2009-08-05 17:17:36) [GET]

NameError (uninitialized constant HealthvaultApp::RAILS_ROUTE):
  lib/healthvault_app.rb:5:in `createApp'
  app/controllers/application_controller.rb:18:in `index'

Rendered rescues/_trace (27.1ms)
Rendered rescues/_request_and_response (1.1ms)
Rendering rescues/layout (internal_server_error)


Processing ApplicationController#index (for 127.0.0.1 at 2009-08-05 17:18:10) [GET]

URI::InvalidURIError (bad URI(is not URI?): ):
  /System/Library/Frameworks/Ruby.framework/Versions/1.8/usr/lib/ruby/1.8/uri/common.rb:436:in `split'
  /System/Library/Frameworks/Ruby.framework/Versions/1.8/usr/lib/ruby/1.8/uri/common.rb:485:in `parse'
  healthvault (0.0.1) [v] lib/application.rb:19:in `initialize'
  lib/healthvault_app.rb:6:in `new'
  lib/healthvault_app.rb:6:in `createApp'
  app/controllers/application_controller.rb:18:in `index'

Rendered rescues/_trace (29.5ms)
Rendered rescues/_request_and_response (0.2ms)
Rendering rescues/layout (internal_server_error)


Processing ApplicationController#index (for 127.0.0.1 at 2009-08-05 17:18:22) [GET]

ActionController::RoutingError (No route matches "/test/1" with {:method=>:get}):
  

Rendering rescues/layout (not_found)


Processing ApplicationController#index (for 127.0.0.1 at 2009-08-05 17:18:26) [GET]

URI::InvalidURIError (bad URI(is not URI?): ):
  /System/Library/Frameworks/Ruby.framework/Versions/1.8/usr/lib/ruby/1.8/uri/common.rb:436:in `split'
  /System/Library/Frameworks/Ruby.framework/Versions/1.8/usr/lib/ruby/1.8/uri/common.rb:485:in `parse'
  healthvault (0.0.1) [v] lib/application.rb:19:in `initialize'
  lib/healthvault_app.rb:6:in `new'
  lib/healthvault_app.rb:6:in `createApp'
  app/controllers/application_controller.rb:18:in `index'

Rendered rescues/_trace (27.4ms)
Rendered rescues/_request_and_response (0.2ms)
Rendering rescues/layout (internal_server_error)


Processing ApplicationController#index (for 127.0.0.1 at 2009-08-05 17:18:57) [GET]

URI::InvalidURIError (bad URI(is not URI?): ):
  /System/Library/Frameworks/Ruby.framework/Versions/1.8/usr/lib/ruby/1.8/uri/common.rb:436:in `split'
  /System/Library/Frameworks/Ruby.framework/Versions/1.8/usr/lib/ruby/1.8/uri/common.rb:485:in `parse'
  healthvault (0.0.1) [v] lib/application.rb:19:in `initialize'
  lib/healthvault_app.rb:7:in `new'
  lib/healthvault_app.rb:7:in `createApp'
  app/controllers/application_controller.rb:18:in `index'

Rendered rescues/_trace (26.5ms)
Rendered rescues/_request_and_response (0.2ms)
Rendering rescues/layout (internal_server_error)


Processing ApplicationController#index (for 127.0.0.1 at 2009-08-05 17:19:19) [GET]

URI::InvalidURIError (bad URI(is not URI?): ):
  /System/Library/Frameworks/Ruby.framework/Versions/1.8/usr/lib/ruby/1.8/uri/common.rb:436:in `split'
  /System/Library/Frameworks/Ruby.framework/Versions/1.8/usr/lib/ruby/1.8/uri/common.rb:485:in `parse'
  healthvault (0.0.1) [v] lib/application.rb:19:in `initialize'
  lib/healthvault_app.rb:7:in `new'
  lib/healthvault_app.rb:7:in `createApp'
  app/controllers/application_controller.rb:18:in `index'

Rendered rescues/_trace (28.5ms)
Rendered rescues/_request_and_response (1.1ms)
Rendering rescues/layout (internal_server_error)


Processing ApplicationController#index (for 127.0.0.1 at 2009-08-05 17:19:22) [GET]

URI::InvalidURIError (bad URI(is not URI?): ):
  /System/Library/Frameworks/Ruby.framework/Versions/1.8/usr/lib/ruby/1.8/uri/common.rb:436:in `split'
  /System/Library/Frameworks/Ruby.framework/Versions/1.8/usr/lib/ruby/1.8/uri/common.rb:485:in `parse'
  healthvault (0.0.1) [v] lib/application.rb:19:in `initialize'
  lib/healthvault_app.rb:7:in `new'
  lib/healthvault_app.rb:7:in `createApp'
  app/controllers/application_controller.rb:18:in `index'

Rendered rescues/_trace (27.6ms)
Rendered rescues/_request_and_response (0.3ms)
Rendering rescues/layout (internal_server_error)


Processing ApplicationController#index (for 127.0.0.1 at 2009-08-05 17:19:23) [GET]

URI::InvalidURIError (bad URI(is not URI?): ):
  /System/Library/Frameworks/Ruby.framework/Versions/1.8/usr/lib/ruby/1.8/uri/common.rb:436:in `split'
  /System/Library/Frameworks/Ruby.framework/Versions/1.8/usr/lib/ruby/1.8/uri/common.rb:485:in `parse'
  healthvault (0.0.1) [v] lib/application.rb:19:in `initialize'
  lib/healthvault_app.rb:7:in `new'
  lib/healthvault_app.rb:7:in `createApp'
  app/controllers/application_controller.rb:18:in `index'

Rendered rescues/_trace (85.7ms)
Rendered rescues/_request_and_response (0.2ms)
Rendering rescues/layout (internal_server_error)


Processing ApplicationController#index (for 127.0.0.1 at 2009-08-05 17:23:23) [GET]

URI::InvalidURIError (bad URI(is not URI?): ):
  /System/Library/Frameworks/Ruby.framework/Versions/1.8/usr/lib/ruby/1.8/uri/common.rb:436:in `split'
  /System/Library/Frameworks/Ruby.framework/Versions/1.8/usr/lib/ruby/1.8/uri/common.rb:485:in `parse'
  healthvault (0.0.1) [v] lib/application.rb:19:in `initialize'
  lib/healthvault_app.rb:7:in `new'
  lib/healthvault_app.rb:7:in `createApp'
  app/controllers/application_controller.rb:18:in `index'

Rendered rescues/_trace (27.3ms)
Rendered rescues/_request_and_response (0.2ms)
Rendering rescues/layout (internal_server_error)


Processing ApplicationController#index (for 127.0.0.1 at 2009-08-05 17:23:24) [GET]

URI::InvalidURIError (bad URI(is not URI?): ):
  /System/Library/Frameworks/Ruby.framework/Versions/1.8/usr/lib/ruby/1.8/uri/common.rb:436:in `split'
  /System/Library/Frameworks/Ruby.framework/Versions/1.8/usr/lib/ruby/1.8/uri/common.rb:485:in `parse'
  healthvault (0.0.1) [v] lib/application.rb:19:in `initialize'
  lib/healthvault_app.rb:7:in `new'
  lib/healthvault_app.rb:7:in `createApp'
  app/controllers/application_controller.rb:18:in `index'

Rendered rescues/_trace (26.9ms)
Rendered rescues/_request_and_response (0.2ms)
Rendering rescues/layout (internal_server_error)


Processing ApplicationController#index (for 127.0.0.1 at 2009-08-05 17:23:39) [GET]

URI::InvalidURIError (bad URI(is not URI?): ):
  /System/Library/Frameworks/Ruby.framework/Versions/1.8/usr/lib/ruby/1.8/uri/common.rb:436:in `split'
  /System/Library/Frameworks/Ruby.framework/Versions/1.8/usr/lib/ruby/1.8/uri/common.rb:485:in `parse'
  healthvault (0.0.1) [v] lib/application.rb:19:in `initialize'
  lib/healthvault_app.rb:7:in `new'
  lib/healthvault_app.rb:7:in `createApp'
  app/controllers/application_controller.rb:18:in `index'

Rendered rescues/_trace (30.0ms)
Rendered rescues/_request_and_response (1.6ms)
Rendering rescues/layout (internal_server_error)


Processing PatientInformationController#1 (for 127.0.0.1 at 2009-08-05 17:24:22) [GET]

ActionController::UnknownAction (No action responded to 1. Actions: check_authentication and index):
  

Rendering rescues/layout (not_found)


Processing PatientInformationController#1 (for 127.0.0.1 at 2009-08-05 17:24:46) [GET]

ActionController::UnknownAction (No action responded to 1. Actions: check_authentication and index):
  

Rendering rescues/layout (not_found)


Processing ApplicationController#index (for 127.0.0.1 at 2009-08-05 17:24:55) [GET]

URI::InvalidURIError (bad URI(is not URI?): ):
  /System/Library/Frameworks/Ruby.framework/Versions/1.8/usr/lib/ruby/1.8/uri/common.rb:436:in `split'
  /System/Library/Frameworks/Ruby.framework/Versions/1.8/usr/lib/ruby/1.8/uri/common.rb:485:in `parse'
  healthvault (0.0.1) [v] lib/application.rb:19:in `initialize'
  lib/healthvault_app.rb:7:in `new'
  lib/healthvault_app.rb:7:in `createApp'
  app/controllers/application_controller.rb:18:in `index'

Rendered rescues/_trace (28.0ms)
Rendered rescues/_request_and_response (1.3ms)
Rendering rescues/layout (internal_server_error)


Processing ApplicationController#index (for 127.0.0.1 at 2009-08-05 17:26:23) [GET]

NoMethodError (undefined method `get_patient_info' for HealthvaultApp:Module):
  app/controllers/application_controller.rb:22:in `index'

Rendered rescues/_trace (26.7ms)
Rendered rescues/_request_and_response (0.3ms)
Rendering rescues/layout (internal_server_error)


Processing PatientInformationController#1 (for 127.0.0.1 at 2009-08-05 17:26:44) [GET]

ActionController::UnknownAction (No action responded to 1. Actions: check_authentication and index):
  

Rendering rescues/layout (not_found)


Processing ApplicationController#index (for 127.0.0.1 at 2009-08-05 17:26:50) [GET]

NoMethodError (undefined method `get_patient_info' for HealthvaultApp:Module):
  app/controllers/application_controller.rb:22:in `index'

Rendered rescues/_trace (25.8ms)
Rendered rescues/_request_and_response (0.2ms)
Rendering rescues/layout (internal_server_error)


Processing ApplicationController#index (for 127.0.0.1 at 2009-08-05 17:27:08) [GET]

NoMethodError (undefined method `get_patient_info' for HealthvaultApp:Module):
  app/controllers/application_controller.rb:22:in `index'

Rendered rescues/_trace (26.2ms)
Rendered rescues/_request_and_response (1.1ms)
Rendering rescues/layout (internal_server_error)


Processing ApplicationController#index (for 127.0.0.1 at 2009-08-05 17:27:26) [GET]

NameError (uninitialized constant HealthvaultApp::Request):
  lib/healthvault_app.rb:12:in `get_patient_info'
  app/controllers/application_controller.rb:22:in `index'

Rendered rescues/_trace (27.9ms)
Rendered rescues/_request_and_response (0.2ms)
Rendering rescues/layout (internal_server_error)


Processing ApplicationController#index (for 127.0.0.1 at 2009-08-05 17:28:12) [GET]

NameError (uninitialized constant HealthvaultApp::WCData):
  lib/healthvault_app.rb:14:in `get_patient_info'
  app/controllers/application_controller.rb:22:in `index'

Rendered rescues/_trace (83.8ms)
Rendered rescues/_request_and_response (0.2ms)
Rendering rescues/layout (internal_server_error)


Processing ApplicationController#index (for 127.0.0.1 at 2009-08-05 17:28:41) [GET]

StandardError (Access is denied.):
  healthvault (0.0.1) [v] lib/response.rb:26:in `initialize'
  healthvault (0.0.1) [v] lib/connection.rb:60:in `new'
  healthvault (0.0.1) [v] lib/connection.rb:60:in `send'
  healthvault (0.0.1) [v] lib/request.rb:107:in `send'
  lib/healthvault_app.rb:20:in `get_patient_info'
  app/controllers/application_controller.rb:22:in `index'

Rendered rescues/_trace (26.4ms)
Rendered rescues/_request_and_response (0.2ms)
Rendering rescues/layout (internal_server_error)


Processing ApplicationController#index (for 127.0.0.1 at 2009-08-05 17:31:29) [GET]

StandardError (The record-id element of the request is required for this method.):
  healthvault (0.0.1) [v] lib/response.rb:26:in `initialize'
  healthvault (0.0.1) [v] lib/connection.rb:60:in `new'
  healthvault (0.0.1) [v] lib/connection.rb:60:in `send'
  healthvault (0.0.1) [v] lib/request.rb:107:in `send'
  lib/healthvault_app.rb:20:in `get_patient_info'
  app/controllers/application_controller.rb:22:in `index'

Rendered rescues/_trace (87.0ms)
Rendered rescues/_request_and_response (0.2ms)
Rendering rescues/layout (internal_server_error)


Processing ApplicationController#index (for 127.0.0.1 at 2009-08-05 17:32:14) [GET]

ActionController::RoutingError (No route matches "/31acde5a-9bdf-41cd-aadd-07c5aeb03ba8" with {:method=>:get}):
  

Rendering rescues/layout (not_found)


Processing ApplicationController#index (for 127.0.0.1 at 2009-08-05 17:32:21) [GET]

ActionController::RoutingError (No route matches "/index/31acde5a-9bdf-41cd-aadd-07c5aeb03ba8" with {:method=>:get}):
  

Rendering rescues/layout (not_found)


Processing ApplicationController#index (for 127.0.0.1 at 2009-08-05 17:32:26) [GET]

ActionController::RoutingError (No route matches "/test/31acde5a-9bdf-41cd-aadd-07c5aeb03ba8" with {:method=>:get}):
  

Rendering rescues/layout (not_found)


Processing ApplicationController#index (for 127.0.0.1 at 2009-08-05 17:32:48) [GET]

ActionController::RoutingError (No route matches "/test/31acde5a-9bdf-41cd-aadd-07c5aeb03ba8" with {:method=>:get}):
  

Rendering rescues/layout (not_found)


Processing ApplicationController#index (for 127.0.0.1 at 2009-08-05 17:32:49) [GET]

ActionController::RoutingError (No route matches "/test/31acde5a-9bdf-41cd-aadd-07c5aeb03ba8" with {:method=>:get}):
  

Rendering rescues/layout (not_found)


Processing ApplicationController#index (for 127.0.0.1 at 2009-08-05 17:32:50) [GET]

ActionController::RoutingError (No route matches "/test/31acde5a-9bdf-41cd-aadd-07c5aeb03ba8" with {:method=>:get}):
  

Rendering rescues/layout (not_found)


Processing ApplicationController#index (for 127.0.0.1 at 2009-08-05 17:32:51) [GET]

ActionController::RoutingError (No route matches "/test/31acde5a-9bdf-41cd-aadd-07c5aeb03ba8" with {:method=>:get}):
  

Rendering rescues/layout (not_found)


Processing ApplicationController#index (for 127.0.0.1 at 2009-08-05 17:32:51) [GET]

ActionController::RoutingError (No route matches "/test/31acde5a-9bdf-41cd-aadd-07c5aeb03ba8" with {:method=>:get}):
  

Rendering rescues/layout (not_found)


Processing ApplicationController#index (for 127.0.0.1 at 2009-08-05 17:32:52) [GET]

ActionController::RoutingError (No route matches "/test/31acde5a-9bdf-41cd-aadd-07c5aeb03ba8" with {:method=>:get}):
  

Rendering rescues/layout (not_found)


Processing ApplicationController#index (for 127.0.0.1 at 2009-08-05 17:32:52) [GET]

ActionController::RoutingError (No route matches "/test/31acde5a-9bdf-41cd-aadd-07c5aeb03ba8" with {:method=>:get}):
  

Rendering rescues/layout (not_found)


Processing ApplicationController#index (for 127.0.0.1 at 2009-08-05 17:32:52) [GET]

ActionController::RoutingError (No route matches "/test/31acde5a-9bdf-41cd-aadd-07c5aeb03ba8" with {:method=>:get}):
  

Rendering rescues/layout (not_found)


Processing ApplicationController#index (for 127.0.0.1 at 2009-08-05 17:32:52) [GET]

ActionController::RoutingError (No route matches "/test/31acde5a-9bdf-41cd-aadd-07c5aeb03ba8" with {:method=>:get}):
  

Rendering rescues/layout (not_found)


Processing ApplicationController#index (for 127.0.0.1 at 2009-08-05 17:32:52) [GET]

ActionController::RoutingError (No route matches "/test/31acde5a-9bdf-41cd-aadd-07c5aeb03ba8" with {:method=>:get}):
  

Rendering rescues/layout (not_found)


Processing ApplicationController#index (for 127.0.0.1 at 2009-08-05 17:32:52) [GET]

ActionController::RoutingError (No route matches "/test/31acde5a-9bdf-41cd-aadd-07c5aeb03ba8" with {:method=>:get}):
  

Rendering rescues/layout (not_found)


Processing ApplicationController#index (for 127.0.0.1 at 2009-08-05 17:32:52) [GET]

ActionController::RoutingError (No route matches "/test/31acde5a-9bdf-41cd-aadd-07c5aeb03ba8" with {:method=>:get}):
  

Rendering rescues/layout (not_found)


Processing ApplicationController#index (for 127.0.0.1 at 2009-08-05 17:32:52) [GET]

ActionController::RoutingError (No route matches "/test/31acde5a-9bdf-41cd-aadd-07c5aeb03ba8" with {:method=>:get}):
  

Rendering rescues/layout (not_found)


Processing ApplicationController#index (for 127.0.0.1 at 2009-08-05 17:32:52) [GET]

ActionController::RoutingError (No route matches "/test/31acde5a-9bdf-41cd-aadd-07c5aeb03ba8" with {:method=>:get}):
  

Rendering rescues/layout (not_found)


Processing ApplicationController#index (for 127.0.0.1 at 2009-08-05 17:32:52) [GET]

ActionController::RoutingError (No route matches "/test/31acde5a-9bdf-41cd-aadd-07c5aeb03ba8" with {:method=>:get}):
  

Rendering rescues/layout (not_found)


Processing ApplicationController#index (for 127.0.0.1 at 2009-08-05 17:32:53) [GET]

ActionController::RoutingError (No route matches "/test/31acde5a-9bdf-41cd-aadd-07c5aeb03ba8" with {:method=>:get}):
  

Rendering rescues/layout (not_found)


Processing ApplicationController#index (for 127.0.0.1 at 2009-08-05 17:32:53) [GET]

ActionController::RoutingError (No route matches "/test/31acde5a-9bdf-41cd-aadd-07c5aeb03ba8" with {:method=>:get}):
  

Rendering rescues/layout (not_found)


Processing ApplicationController#index (for 127.0.0.1 at 2009-08-05 17:33:13) [GET]
Completed in 2ms (View: 0, DB: 0) | 200 OK [http://localhost/]


Processing ApplicationController#index (for 127.0.0.1 at 2009-08-05 17:33:46) [GET]
Completed in 2ms (View: 0, DB: 0) | 200 OK [http://localhost/application/]


Processing ApplicationController#test' (for 127.0.0.1 at 2009-08-05 17:33:49) [GET]

ActionController::UnknownAction (No action responded to test'. Actions: check_authentication, index, and test):
  

Rendering rescues/layout (not_found)


Processing ApplicationController#test (for 127.0.0.1 at 2009-08-05 17:33:54) [GET]

StandardError (The record-id element of the request is required for this method.):
  healthvault (0.0.1) [v] lib/response.rb:26:in `initialize'
  healthvault (0.0.1) [v] lib/connection.rb:60:in `new'
  healthvault (0.0.1) [v] lib/connection.rb:60:in `send'
  healthvault (0.0.1) [v] lib/request.rb:107:in `send'
  lib/healthvault_app.rb:20:in `get_patient_info'
  app/controllers/application_controller.rb:22:in `test'

Rendered rescues/_trace (27.3ms)
Rendered rescues/_request_and_response (0.3ms)
Rendering rescues/layout (internal_server_error)


Processing ApplicationController#test (for 127.0.0.1 at 2009-08-05 17:34:01) [GET]
  Parameters: {"id"=>"31acde5a-9bdf-41cd-aadd-07c5aeb03ba8"}
Completed in 1180ms (View: 1, DB: 0) | 200 OK [http://localhost/application/test/31acde5a-9bdf-41cd-aadd-07c5aeb03ba8]


Processing PatientInformationController#test (for 127.0.0.1 at 2009-08-05 17:34:51) [GET]
  Parameters: {"id"=>"31acde5a-9bdf-41cd-aadd-07c5aeb03ba8"}
Completed in 1241ms (View: 1, DB: 0) | 200 OK [http://localhost/patient_information/test/31acde5a-9bdf-41cd-aadd-07c5aeb03ba8]


Processing PatientInformationController#31acde5a-9bdf-41cd-aadd-07c5aeb03ba8 (for 127.0.0.1 at 2009-08-05 17:35:00) [GET]

ActionController::UnknownAction (No action responded to 31acde5a-9bdf-41cd-aadd-07c5aeb03ba8. Actions: check_authentication, index, and test):
  

Rendering rescues/layout (not_found)


Processing PatientInformationController#31acde5a-9bdf-41cd-aadd-07c5aeb03ba8 (for 127.0.0.1 at 2009-08-05 17:35:40) [GET]

ActionController::UnknownAction (No action responded to 31acde5a-9bdf-41cd-aadd-07c5aeb03ba8. Actions: check_authentication, index, and test):
  

Rendering rescues/layout (not_found)


Processing PatientInformationController#31acde5a-9bdf-41cd-aadd-07c5aeb03ba8 (for 127.0.0.1 at 2009-08-05 17:35:40) [GET]

ActionController::UnknownAction (No action responded to 31acde5a-9bdf-41cd-aadd-07c5aeb03ba8. Actions: check_authentication, index, and test):
  

Rendering rescues/layout (not_found)


Processing PatientInformationController#31acde5a-9bdf-41cd-aadd-07c5aeb03ba8 (for 127.0.0.1 at 2009-08-05 17:35:41) [GET]

ActionController::UnknownAction (No action responded to 31acde5a-9bdf-41cd-aadd-07c5aeb03ba8. Actions: check_authentication, index, and test):
  

Rendering rescues/layout (not_found)


Processing PatientInformationController#31acde5a-9bdf-41cd-aadd-07c5aeb03ba8 (for 127.0.0.1 at 2009-08-05 17:35:57) [GET]

ActionController::UnknownAction (No action responded to 31acde5a-9bdf-41cd-aadd-07c5aeb03ba8. Actions: check_authentication, index, and test):
  

Rendering rescues/layout (not_found)


Processing PatientInformationController#31acde5a-9bdf-41cd-aadd-07c5aeb03ba8 (for 127.0.0.1 at 2009-08-05 17:36:06) [GET]

ActionController::UnknownAction (No action responded to 31acde5a-9bdf-41cd-aadd-07c5aeb03ba8. Actions: check_authentication, index, and test):
  

Rendering rescues/layout (not_found)


Processing PatientInformationController#31acde5a-9bdf-41cd-aadd-07c5aeb03ba8 (for 127.0.0.1 at 2009-08-05 17:36:08) [GET]

ActionController::UnknownAction (No action responded to 31acde5a-9bdf-41cd-aadd-07c5aeb03ba8. Actions: check_authentication, index, and test):
  

Rendering rescues/layout (not_found)


Processing PatientInformationController#31acde5a-9bdf-41cd-aadd-07c5aeb03ba8 (for 127.0.0.1 at 2009-08-05 17:36:08) [GET]

ActionController::UnknownAction (No action responded to 31acde5a-9bdf-41cd-aadd-07c5aeb03ba8. Actions: check_authentication, index, and test):
  

Rendering rescues/layout (not_found)


Processing ApplicationController#index (for 127.0.0.1 at 2009-08-05 17:37:06) [GET]

ActionController::RoutingError (No route matches "/patient_informations/31acde5a-9bdf-41cd-aadd-07c5aeb03ba8" with {:method=>:get}):
  

Rendering rescues/layout (not_found)


Processing PatientInformationController#31acde5a-9bdf-41cd-aadd-07c5aeb03ba8 (for 127.0.0.1 at 2009-08-05 17:37:12) [GET]

ActionController::UnknownAction (No action responded to 31acde5a-9bdf-41cd-aadd-07c5aeb03ba8. Actions: check_authentication, index, show, and test):
  

Rendering rescues/layout (not_found)


Processing ApplicationController#index (for 127.0.0.1 at 2009-08-05 17:37:29) [GET]

ActionController::RoutingError (No route matches "/pateint_information/31acde5a-9bdf-41cd-aadd-07c5aeb03ba8" with {:method=>:get}):
  

Rendering rescues/layout (not_found)


Processing ApplicationController#index (for 127.0.0.1 at 2009-08-05 17:37:55) [GET]

ActionController::RoutingError (No route matches "/pateint_information/31acde5a-9bdf-41cd-aadd-07c5aeb03ba8" with {:method=>:get}):
  

Rendering rescues/layout (not_found)


Processing ApplicationController#index (for 127.0.0.1 at 2009-08-05 17:37:57) [GET]

ActionController::RoutingError (No route matches "/pateint_information/31acde5a-9bdf-41cd-aadd-07c5aeb03ba8" with {:method=>:get}):
  

Rendering rescues/layout (not_found)


Processing ApplicationController#index (for 127.0.0.1 at 2009-08-05 17:38:25) [GET]

ActionController::RoutingError (No route matches "/pateint_information/31acde5a-9bdf-41cd-aadd-07c5aeb03ba8" with {:method=>:get}):
  

Rendering rescues/layout (not_found)


Processing ApplicationController#index (for 127.0.0.1 at 2009-08-05 17:38:26) [GET]

ActionController::RoutingError (No route matches "/pateint_information/31acde5a-9bdf-41cd-aadd-07c5aeb03ba8" with {:method=>:get}):
  

Rendering rescues/layout (not_found)


Processing ApplicationController#index (for 127.0.0.1 at 2009-08-05 17:38:27) [GET]

ActionController::RoutingError (No route matches "/pateint_information/31acde5a-9bdf-41cd-aadd-07c5aeb03ba8" with {:method=>:get}):
  

Rendering rescues/layout (not_found)


Processing ApplicationController#index (for 127.0.0.1 at 2009-08-05 17:38:41) [GET]

ActionController::RoutingError (No route matches "/patient_information/31acde5a-9bdf-41cd-aadd-07c5aeb03ba8" with {:method=>:get}):
  

Rendering rescues/layout (not_found)


Processing ApplicationController#index (for 127.0.0.1 at 2009-08-05 17:39:31) [GET]

ActionController::RoutingError (No route matches "/patient_information/31acde5a-9bdf-41cd-aadd-07c5aeb03ba8" with {:method=>:get}):
  

Rendering rescues/layout (not_found)


Processing ApplicationController#index (for 127.0.0.1 at 2009-08-05 17:39:36) [GET]

ActionController::RoutingError (No route matches "/patient_information/31acde5a-9bdf-41cd-aadd-07c5aeb03ba8.xml" with {:method=>:get}):
  

Rendering rescues/layout (not_found)


Processing ApplicationController#index (for 127.0.0.1 at 2009-08-05 17:40:02) [GET]

ActionController::RoutingError (No route matches "/patient_information/31acde5a-9bdf-41cd-aadd-07c5aeb03ba8" with {:method=>:get}):
  

Rendering rescues/layout (not_found)


Processing ApplicationController#31acde5a-9bdf-41cd-aadd-07c5aeb03ba8 (for 127.0.0.1 at 2009-08-05 17:40:13) [GET]

LoadError (Expected /Users/bobd/projects/healthvault/app/controllers/patient_information_controller.rb to define PatientInformationController):
  

Rendered rescues/_trace (23.2ms)
Rendered rescues/_request_and_response (1.1ms)
Rendering rescues/layout (internal_server_error)


Processing PatientInformationController#31acde5a-9bdf-41cd-aadd-07c5aeb03ba8 (for 127.0.0.1 at 2009-08-05 17:40:24) [GET]

ActionController::UnknownAction (No action responded to 31acde5a-9bdf-41cd-aadd-07c5aeb03ba8. Actions: check_authentication, index, show, and test):
  

Rendering rescues/layout (not_found)


Processing PatientInformationController#31acde5a-9bdf-41cd-aadd-07c5aeb03ba8 (for 127.0.0.1 at 2009-08-05 17:40:25) [GET]

ActionController::UnknownAction (No action responded to 31acde5a-9bdf-41cd-aadd-07c5aeb03ba8. Actions: check_authentication, index, show, and test):
  

Rendering rescues/layout (not_found)


Processing PatientInformationController#31acde5a-9bdf-41cd-aadd-07c5aeb03ba8 (for 127.0.0.1 at 2009-08-05 17:40:26) [GET]

ActionController::UnknownAction (No action responded to 31acde5a-9bdf-41cd-aadd-07c5aeb03ba8. Actions: check_authentication, index, show, and test):
  

Rendering rescues/layout (not_found)


Processing PatientInformationController#31acde5a-9bdf-41cd-aadd-07c5aeb03ba8 (for 127.0.0.1 at 2009-08-05 17:40:26) [GET]

ActionController::UnknownAction (No action responded to 31acde5a-9bdf-41cd-aadd-07c5aeb03ba8. Actions: check_authentication, index, show, and test):
  

Rendering rescues/layout (not_found)


Processing PatientInformationController#31acde5a-9bdf-41cd-aadd-07c5aeb03ba8 (for 127.0.0.1 at 2009-08-05 17:40:26) [GET]

ActionController::UnknownAction (No action responded to 31acde5a-9bdf-41cd-aadd-07c5aeb03ba8. Actions: check_authentication, index, show, and test):
  

Rendering rescues/layout (not_found)


Processing PatientInformationController#31acde5a-9bdf-41cd-aadd-07c5aeb03ba8 (for 127.0.0.1 at 2009-08-05 17:40:26) [GET]

ActionController::UnknownAction (No action responded to 31acde5a-9bdf-41cd-aadd-07c5aeb03ba8. Actions: check_authentication, index, show, and test):
  

Rendering rescues/layout (not_found)


Processing PatientInformationController#31acde5a-9bdf-41cd-aadd-07c5aeb03ba8 (for 127.0.0.1 at 2009-08-05 17:40:26) [GET]

ActionController::UnknownAction (No action responded to 31acde5a-9bdf-41cd-aadd-07c5aeb03ba8. Actions: check_authentication, index, show, and test):
  

Rendering rescues/layout (not_found)


Processing PatientInformationController#31acde5a-9bdf-41cd-aadd-07c5aeb03ba8 (for 127.0.0.1 at 2009-08-05 17:40:27) [GET]

ActionController::UnknownAction (No action responded to 31acde5a-9bdf-41cd-aadd-07c5aeb03ba8. Actions: check_authentication, index, show, and test):
  

Rendering rescues/layout (not_found)


Processing PatientInformationController#31acde5a-9bdf-41cd-aadd-07c5aeb03ba8 (for 127.0.0.1 at 2009-08-05 17:40:27) [GET]

ActionController::UnknownAction (No action responded to 31acde5a-9bdf-41cd-aadd-07c5aeb03ba8. Actions: check_authentication, index, show, and test):
  

Rendering rescues/layout (not_found)


Processing PatientInformationController#31acde5a-9bdf-41cd-aadd-07c5aeb03ba8 (for 127.0.0.1 at 2009-08-05 17:40:27) [GET]

ActionController::UnknownAction (No action responded to 31acde5a-9bdf-41cd-aadd-07c5aeb03ba8. Actions: check_authentication, index, show, and test):
  

Rendering rescues/layout (not_found)


Processing PatientInformationController#31acde5a-9bdf-41cd-aadd-07c5aeb03ba8 (for 127.0.0.1 at 2009-08-05 17:40:27) [GET]

ActionController::UnknownAction (No action responded to 31acde5a-9bdf-41cd-aadd-07c5aeb03ba8. Actions: check_authentication, index, show, and test):
  

Rendering rescues/layout (not_found)


Processing PatientInformationController#31acde5a-9bdf-41cd-aadd-07c5aeb03ba8 (for 127.0.0.1 at 2009-08-05 17:40:27) [GET]

ActionController::UnknownAction (No action responded to 31acde5a-9bdf-41cd-aadd-07c5aeb03ba8. Actions: check_authentication, index, show, and test):
  

Rendering rescues/layout (not_found)


Processing PatientInformationController#31acde5a-9bdf-41cd-aadd-07c5aeb03ba8 (for 127.0.0.1 at 2009-08-05 17:40:27) [GET]

ActionController::UnknownAction (No action responded to 31acde5a-9bdf-41cd-aadd-07c5aeb03ba8. Actions: check_authentication, index, show, and test):
  

Rendering rescues/layout (not_found)


Processing PatientInformationController#31acde5a-9bdf-41cd-aadd-07c5aeb03ba8 (for 127.0.0.1 at 2009-08-05 17:40:27) [GET]

ActionController::UnknownAction (No action responded to 31acde5a-9bdf-41cd-aadd-07c5aeb03ba8. Actions: check_authentication, index, show, and test):
  

Rendering rescues/layout (not_found)


Processing PatientInformationController#31acde5a-9bdf-41cd-aadd-07c5aeb03ba8 (for 127.0.0.1 at 2009-08-05 17:40:27) [GET]

ActionController::UnknownAction (No action responded to 31acde5a-9bdf-41cd-aadd-07c5aeb03ba8. Actions: check_authentication, index, show, and test):
  

Rendering rescues/layout (not_found)


Processing PatientInformationController#show (for 127.0.0.1 at 2009-08-05 17:42:10) [GET]
  Parameters: {"id"=>"31acde5a-9bdf-41cd-aadd-07c5aeb03ba8"}
Completed in 1185ms (View: 1, DB: 0) | 200 OK [http://localhost/patient_information/31acde5a-9bdf-41cd-aadd-07c5aeb03ba8]


Processing PatientInformationController#show (for 127.0.0.1 at 2009-08-05 17:42:32) [GET]
  Parameters: {"id"=>"31acde5a-9bdf-41cd-aadd-07c5aeb03ba8"}
Completed in 1271ms (View: 1, DB: 0) | 200 OK [http://localhost/patient_information/31acde5a-9bdf-41cd-aadd-07c5aeb03ba8]


Processing ApplicationController#index (for 127.0.0.1 at 2009-08-05 17:58:46) [GET]

ActionController::RoutingError (No route matches "/index" with {:method=>:get}):
  

Rendering rescues/layout (not_found)


Processing PatientInformationController#show (for 127.0.0.1 at 2009-08-06 08:52:53) [GET]
  Parameters: {"id"=>"31acde5a-9bdf-41cd-aadd-07c5aeb03ba8"}
Redirected to https://account.healthvault-ppe.com/redirect.aspx?target=AUTH&targetqs=?appid=05a059c9-c309-46af-9b86-b06d42510550%26redirect=http://localhost:3000/auth/authenticate
Filter chain halted as [:check_authentication] rendered_or_redirected.
Completed in 51ms (DB: 0) | 302 Found [http://localhost/patient_information/31acde5a-9bdf-41cd-aadd-07c5aeb03ba8]


Processing AuthController#authenticate (for 127.0.0.1 at 2009-08-06 08:53:00) [GET]
  Parameters: {"wctoken"=>"ASAAANFR1E5ZDrtDpyomH9OHj5rb4/EPgGgg4Zl7HQsttd1cZNfe7IGzM+3S32MqFjn3s7GNCaVavtaubXcJEhViks2orld6fQxdwKee5Mf3HnuG6yjuADOU1dq6H/O/AaNbvyeGB4QVds2MLgNficjfWhsv/3IRrLqk/kxPm0Dps/sl+38qMw==", "target"=>"AppAuthSuccess"}
Redirected to http://localhost:3000/patient_information/31acde5a-9bdf-41cd-aadd-07c5aeb03ba8
Completed in 1ms (DB: 0) | 302 Found [http://localhost/auth/authenticate?target=AppAuthSuccess&wctoken=ASAAANFR1E5ZDrtDpyomH9OHj5rb4%2fEPgGgg4Zl7HQsttd1cZNfe7IGzM%2b3S32MqFjn3s7GNCaVavtaubXcJEhViks2orld6fQxdwKee5Mf3HnuG6yjuADOU1dq6H%2fO%2fAaNbvyeGB4QVds2MLgNficjfWhsv%2f3IRrLqk%2fkxPm0Dps%2fsl%2b38qMw%3d%3d]


Processing PatientInformationController#show (for 127.0.0.1 at 2009-08-06 08:53:00) [GET]
  Parameters: {"id"=>"31acde5a-9bdf-41cd-aadd-07c5aeb03ba8"}

StandardError (The XML request format is invalid. -- The 'type-id' element is invalid - The value '' is invalid according to its datatype 'urn:com.microsoft.wc.types:guid' - The Pattern constraint failed.):
  healthvault (0.0.1) [v] lib/response.rb:26:in `initialize'
  healthvault (0.0.1) [v] lib/connection.rb:60:in `new'
  healthvault (0.0.1) [v] lib/connection.rb:60:in `send'
  healthvault (0.0.1) [v] lib/request.rb:107:in `send'
  lib/healthvault_app.rb:59:in `get_things'
  lib/healthvault_app.rb:21:in `get_patient_info'
  app/controllers/patient_information_controller.rb:9:in `show'

Rendered rescues/_trace (27.8ms)
Rendered rescues/_request_and_response (1.1ms)
Rendering rescues/layout (internal_server_error)


Processing PatientInformationController#show (for 127.0.0.1 at 2009-08-06 09:06:26) [GET]
  Parameters: {"id"=>"31acde5a-9bdf-41cd-aadd-07c5aeb03ba8"}
Completed in 1160ms (View: 1, DB: 0) | 200 OK [http://localhost/patient_information/31acde5a-9bdf-41cd-aadd-07c5aeb03ba8]


Processing PatientInformationController#show (for 127.0.0.1 at 2009-08-06 09:10:17) [GET]
  Parameters: {"id"=>"31acde5a-9bdf-41cd-aadd-07c5aeb03ba8"}

NameError (undefined local variable or method `guid' for HealthvaultApp:Module):
  lib/healthvault_app.rb:51:in `get_things'
  lib/healthvault_app.rb:50:in `each'
  lib/healthvault_app.rb:50:in `get_things'
  lib/healthvault_app.rb:21:in `get_patient_info'
  app/controllers/patient_information_controller.rb:9:in `show'

Rendered rescues/_trace (26.6ms)
Rendered rescues/_request_and_response (1.1ms)
Rendering rescues/layout (internal_server_error)


Processing PatientInformationController#show (for 127.0.0.1 at 2009-08-06 09:10:30) [GET]
  Parameters: {"id"=>"31acde5a-9bdf-41cd-aadd-07c5aeb03ba8"}
Completed in 1165ms (View: 1, DB: 0) | 200 OK [http://localhost/patient_information/31acde5a-9bdf-41cd-aadd-07c5aeb03ba8]


Processing PatientInformationController#show (for 127.0.0.1 at 2009-08-06 09:13:03) [GET]
  Parameters: {"id"=>"31acde5a-9bdf-41cd-aadd-07c5aeb03ba8"}
Completed in 1217ms (View: 1, DB: 0) | 200 OK [http://localhost/patient_information/31acde5a-9bdf-41cd-aadd-07c5aeb03ba8]


Processing PatientInformationController#show (for 127.0.0.1 at 2009-08-06 09:14:14) [GET]
  Parameters: {"id"=>"31acde5a-9bdf-41cd-aadd-07c5aeb03ba8"}

NoMethodError (undefined method `empty' for []:Array):
  lib/healthvault_app.rb:53:in `get_things'
  lib/healthvault_app.rb:21:in `get_patient_info'
  app/controllers/patient_information_controller.rb:9:in `show'

Rendered rescues/_trace (25.3ms)
Rendered rescues/_request_and_response (0.2ms)
Rendering rescues/layout (internal_server_error)


Processing PatientInformationController#show (for 127.0.0.1 at 2009-08-06 09:14:23) [GET]
  Parameters: {"id"=>"31acde5a-9bdf-41cd-aadd-07c5aeb03ba8"}
Completed in 1360ms (View: 1, DB: 0) | 200 OK [http://localhost/patient_information/31acde5a-9bdf-41cd-aadd-07c5aeb03ba8]


Processing PatientInformationController#show (for 127.0.0.1 at 2009-08-06 09:40:09) [GET]
  Parameters: {"id"=>"31acde5a-9bdf-41cd-aadd-07c5aeb03ba8"}

SyntaxError (/Users/bobd/projects/healthvault/lib/healthvault_app.rb:32: syntax error, unexpected tSTRING_BEG, expecting ']'
               "80CF4080-AD3F-4BB5-A0B5-907C22...
                ^
/Users/bobd/projects/healthvault/lib/healthvault_app.rb:32: syntax error, unexpected ',', expecting kEND
...-AD3F-4BB5-A0B5-907C22F73017", #diabetic profile
                              ^
/Users/bobd/projects/healthvault/lib/healthvault_app.rb:33: syntax error, unexpected ',', expecting kEND
...9631-49DC-944E-2C92BEE0D1E9" , # lab test results
                              ^
/Users/bobd/projects/healthvault/lib/healthvault_app.rb:34: syntax error, unexpected ',', expecting kEND
...-F8E6-436A-A15D-E3A2D6916094", #microbiology lab resultss
                              ^
/Users/bobd/projects/healthvault/lib/healthvault_app.rb:35: syntax error, unexpected ',', expecting kEND
...-61BF-4E10-AE78-9C574B888B8F", #radiology results
                              ^
/Users/bobd/projects/healthvault/lib/healthvault_app.rb:36: syntax error, unexpected ',', expecting kEND
...-b717-4b1c-89e0-1dbcf7f815dd", #respitory profile
                              ^
/Users/bobd/projects/healthvault/lib/healthvault_app.rb:37: syntax error, unexpected ',', expecting kEND
...-27bf-423c-8e55-650d2fedb3e0", #spirometer results
                              ^
/Users/bobd/projects/healthvault/lib/healthvault_app.rb:38: syntax error, unexpected ',', expecting kEND
...-C15F-4B49-9E65-6AF369E55C65", # vital signs - looks to be a...
                              ^
/Users/bobd/projects/healthvault/lib/healthvault_app.rb:39: syntax error, unexpected ',', expecting kEND
               "3d34d87e-7fc1-4153-800f-f56592cb0d17", # weight
                                                      ^):
  app/controllers/patient_information_controller.rb:5:in `show'

Rendered rescues/_trace (86.0ms)
Rendered rescues/_request_and_response (0.2ms)
Rendering rescues/layout (internal_server_error)


Processing PatientInformationController#show (for 127.0.0.1 at 2009-08-06 09:40:30) [GET]
  Parameters: {"id"=>"31acde5a-9bdf-41cd-aadd-07c5aeb03ba8"}

NoMethodError (undefined method `empty' for #<Array:0x23d5fe8>):
  lib/healthvault_app.rb:87:in `get_things'
  lib/healthvault_app.rb:14:in `get_patient_info'
  app/controllers/patient_information_controller.rb:9:in `show'

Rendered rescues/_trace (25.3ms)
Rendered rescues/_request_and_response (0.2ms)
Rendering rescues/layout (internal_server_error)


Processing PatientInformationController#show (for 127.0.0.1 at 2009-08-06 09:40:46) [GET]
  Parameters: {"id"=>"31acde5a-9bdf-41cd-aadd-07c5aeb03ba8"}
Completed in 1185ms (View: 1, DB: 0) | 200 OK [http://localhost/patient_information/31acde5a-9bdf-41cd-aadd-07c5aeb03ba8]


Processing ApplicationController#show (for 127.0.0.1 at 2009-08-06 10:04:40) [GET]
  Parameters: {"hdata_record_id"=>"31acde5a-9bdf-41cd-aadd-07c5aeb03ba8"}

NameError (uninitialized constant PatientInformationsController):
  

Rendered rescues/_trace (65.6ms)
Rendered rescues/_request_and_response (1.2ms)
Rendering rescues/layout (internal_server_error)


Processing PatientInformationsController#show (for 127.0.0.1 at 2009-08-06 10:04:59) [GET]
  Parameters: {"hdata_record_id"=>"31acde5a-9bdf-41cd-aadd-07c5aeb03ba8"}

ActionController::UnknownAction (No action responded to show. Actions: check_authentication and index):
  

Rendering rescues/layout (not_found)


Processing ApplicationController#index (for 127.0.0.1 at 2009-08-06 10:05:10) [GET]
  Parameters: {"hdata_record_id"=>"31acde5a-9bdf-41cd-aadd-07c5aeb03ba8"}

LoadError (Expected /Users/bobd/projects/healthvault/app/controllers/allergies_controller.rb to define AllergiesController):
  

Rendered rescues/_trace (21.8ms)
Rendered rescues/_request_and_response (0.2ms)
Rendering rescues/layout (internal_server_error)


Processing AllergiesController#index (for 127.0.0.1 at 2009-08-06 10:05:26) [GET]
  Parameters: {"hdata_record_id"=>"31acde5a-9bdf-41cd-aadd-07c5aeb03ba8"}

StandardError (The record-id element of the request is required for this method.):
  healthvault (0.0.1) [v] lib/response.rb:26:in `initialize'
  healthvault (0.0.1) [v] lib/connection.rb:60:in `new'
  healthvault (0.0.1) [v] lib/connection.rb:60:in `send'
  healthvault (0.0.1) [v] lib/request.rb:107:in `send'
  lib/healthvault_app.rb:92:in `get_things'
  lib/healthvault_app.rb:23:in `get_allergies'
  app/controllers/allergies_controller.rb:10:in `index'

Rendered rescues/_trace (29.0ms)
Rendered rescues/_request_and_response (0.2ms)
Rendering rescues/layout (internal_server_error)


Processing AllergiesController#index (for 127.0.0.1 at 2009-08-06 10:06:14) [GET]
  Parameters: {"hdata_record_id"=>"31acde5a-9bdf-41cd-aadd-07c5aeb03ba8"}

StandardError (The record-id element of the request is required for this method.):
  healthvault (0.0.1) [v] lib/response.rb:26:in `initialize'
  healthvault (0.0.1) [v] lib/connection.rb:60:in `new'
  healthvault (0.0.1) [v] lib/connection.rb:60:in `send'
  healthvault (0.0.1) [v] lib/request.rb:107:in `send'
  lib/healthvault_app.rb:92:in `get_things'
  lib/healthvault_app.rb:23:in `get_allergies'
  app/controllers/allergies_controller.rb:11:in `index'

Rendered rescues/_trace (27.9ms)
Rendered rescues/_request_and_response (0.2ms)
Rendering rescues/layout (internal_server_error)


Processing AllergiesController#index (for 127.0.0.1 at 2009-08-06 10:07:18) [GET]
  Parameters: {"hdata_record_id"=>"31acde5a-9bdf-41cd-aadd-07c5aeb03ba8"}
Completed in 1223ms (View: 1, DB: 0) | 200 OK [http://localhost/hdata_records/31acde5a-9bdf-41cd-aadd-07c5aeb03ba8/allergies]


Processing ApplicationController#index (for 127.0.0.1 at 2009-08-06 10:07:27) [GET]
  Parameters: {"hdata_record_id"=>"31acde5a-9bdf-41cd-aadd-07c5aeb03ba8"}

NameError (uninitialized constant PatientInformationController):
  

Rendered rescues/_trace (22.2ms)
Rendered rescues/_request_and_response (0.2ms)
Rendering rescues/layout (internal_server_error)


Processing PatientInformationController#index (for 127.0.0.1 at 2009-08-06 10:07:57) [GET]
  Parameters: {"hdata_record_id"=>"31acde5a-9bdf-41cd-aadd-07c5aeb03ba8"}
Completed in 1284ms (View: 1, DB: 0) | 200 OK [http://localhost/hdata_records/31acde5a-9bdf-41cd-aadd-07c5aeb03ba8/patient_information]


Processing MedicationsController#index (for 127.0.0.1 at 2009-08-06 10:08:04) [GET]
  Parameters: {"hdata_record_id"=>"31acde5a-9bdf-41cd-aadd-07c5aeb03ba8"}
Completed in 1319ms (View: 1, DB: 0) | 200 OK [http://localhost/hdata_records/31acde5a-9bdf-41cd-aadd-07c5aeb03ba8/medications]


Processing ImmunizationsController#index (for 127.0.0.1 at 2009-08-06 10:08:14) [GET]
  Parameters: {"hdata_record_id"=>"31acde5a-9bdf-41cd-aadd-07c5aeb03ba8"}
Completed in 1281ms (View: 1, DB: 0) | 200 OK [http://localhost/hdata_records/31acde5a-9bdf-41cd-aadd-07c5aeb03ba8/immunizations]


Processing ResultsController#index (for 127.0.0.1 at 2009-08-06 10:08:21) [GET]
  Parameters: {"hdata_record_id"=>"31acde5a-9bdf-41cd-aadd-07c5aeb03ba8"}
Completed in 1277ms (View: 1, DB: 0) | 200 OK [http://localhost/hdata_records/31acde5a-9bdf-41cd-aadd-07c5aeb03ba8/results]


Processing EncountersController#index (for 127.0.0.1 at 2009-08-06 10:08:32) [GET]
  Parameters: {"hdata_record_id"=>"31acde5a-9bdf-41cd-aadd-07c5aeb03ba8"}
Completed in 1172ms (View: 1, DB: 0) | 200 OK [http://localhost/hdata_records/31acde5a-9bdf-41cd-aadd-07c5aeb03ba8/encounters]


Processing AllergiesController#index (for 127.0.0.1 at 2009-08-06 10:08:40) [GET]
  Parameters: {"hdata_record_id"=>"31acde5a-9bdf-41cd-aadd-07c5aeb03ba8"}
Completed in 1174ms (View: 1, DB: 0) | 200 OK [http://localhost/hdata_records/31acde5a-9bdf-41cd-aadd-07c5aeb03ba8/allergies]


Processing ConditionsController#index (for 127.0.0.1 at 2009-08-06 10:08:45) [GET]
  Parameters: {"hdata_record_id"=>"31acde5a-9bdf-41cd-aadd-07c5aeb03ba8"}
Completed in 1205ms (View: 1, DB: 0) | 200 OK [http://localhost/hdata_records/31acde5a-9bdf-41cd-aadd-07c5aeb03ba8/conditions]


Processing ConditionsController#index (for 127.0.0.1 at 2009-08-06 10:09:59) [GET]
  Parameters: {"hdata_record_id"=>"31acde5a-9bdf-41cd-aadd-07c5aeb03ba8"}
Completed in 1342ms (View: 1, DB: 0) | 200 OK [http://localhost/hdata_records/31acde5a-9bdf-41cd-aadd-07c5aeb03ba8/conditions]


Processing PatientInformationController#index (for 127.0.0.1 at 2009-08-06 10:14:07) [GET]
  Parameters: {"hdata_record_id"=>"31acde5a-9bdf-41cd-aadd-07c5aeb03ba8"}
Completed in 1346ms (View: 1, DB: 0) | 200 OK [http://localhost/hdata_records/31acde5a-9bdf-41cd-aadd-07c5aeb03ba8/patient_information]


Processing AllergiesController#index (for 127.0.0.1 at 2009-08-06 14:32:30) [GET]
  Parameters: {"hdata_record_id"=>"31acde5a-9bdf-41cd-aadd-07c5aeb03ba8"}
Completed in 1279ms (View: 1, DB: 0) | 200 OK [http://localhost/hdata_records/31acde5a-9bdf-41cd-aadd-07c5aeb03ba8/allergies]


Processing ResultsController#index (for 127.0.0.1 at 2009-08-06 14:32:36) [GET]
  Parameters: {"hdata_record_id"=>"31acde5a-9bdf-41cd-aadd-07c5aeb03ba8"}
Completed in 1178ms (View: 1, DB: 0) | 200 OK [http://localhost/hdata_records/31acde5a-9bdf-41cd-aadd-07c5aeb03ba8/results]
